Removed Pin From Net: NetName=NRST Pin=J13-2
Removed Pin From Net: NetName=3V3_Ext Pin=J13-3
Removed Pin From Net: NetName=5V_Ext Pin=J13-4
Removed Pin From Net: NetName=2.7V Pin=J13-5
Removed Pin From Net: NetName=AGND Pin=J14-1
Removed Pin From Net: NetName=GND Pin=J14-2
Removed Pin From Net: NetName=GND Pin=J14-3
Removed Member From Class: ClassName=mcu_v1 Member=J13
Removed Member From Class: ClassName=mcu_v1 Member=J14
Added Pin To Net: NetName=NRST Pin=J8-1
Added Pin To Net: NetName=3V3_Ext Pin=J9-12
Added Pin To Net: NetName=5V_Ext Pin=J9-13
Added Pin To Net: NetName=2.7V Pin=J9-14
Add Pin To Net: Unknown Pin: Pin U2-1
Add Pin To Net: Unknown Pin: Pin U2-2
Add Pin To Net: Unknown Pin: Pin U2-3
Add Pin To Net: Unknown Pin: Pin U2-4
Add Pin To Net: Unknown Pin: Pin U2-5
Add Pin To Net: Unknown Pin: Pin U2-6
Add Pin To Net: Unknown Pin: Pin U2-8
Add Pin To Net: Unknown Pin: Pin U2-9
Add Pin To Net: Unknown Pin: Pin U2-10
Add Pin To Net: Unknown Pin: Pin U2-11
Add Pin To Net: Unknown Pin: Pin U2-13
Add Pin To Net: Unknown Pin: Pin U2-14
Add Pin To Net: Unknown Pin: Pin U2-15
Add Pin To Net: Unknown Pin: Pin U2-16
