Removed Pin From Net: NetName=NetQ8_3 Pin=TP5-1
Removed Pin From Net: NetName=NetQ9_3 Pin=TP6-1
Removed Pin From Net: NetName=NB_NET_STATUS Pin=TP7-1
Change Component Footprint: Designator=TP5 Old Footprint=KEYSTONE_5001 New Footprint=test_point
Change Component Footprint: Designator=TP6 Old Footprint=KEYSTONE_5001 New Footprint=test_point
Change Component Footprint: Designator=TP7 Old Footprint=KEYSTONE_5001 New Footprint=test_point
Change Component Comment : Designator=TP5 Old Comment=Test Point New Comment=test_point
Change Component Comment : Designator=TP6 Old Comment=Test Point New Comment=test_point
Change Component Comment : Designator=TP7 Old Comment=Test Point New Comment=test_point
Change Component Kind : Designator=TP7 Old Kind=Standard New Kind=Standard (No BOM)
Change Component Kind : Designator=TP6 Old Kind=Standard New Kind=Standard (No BOM)
Change Component Kind : Designator=TP5 Old Kind=Standard New Kind=Standard (No BOM)
Change component parameters: Designator = "TP5" ("TP5"); Footprint = "KEYSTONE_5001"; UniqueID = "\NYFJDEFZ" ("\NYFJDEFZ")
Change component parameters: Designator = "TP6" ("TP6"); Footprint = "KEYSTONE_5001"; UniqueID = "\ONSBGWNI" ("\ONSBGWNI")
Change component parameters: Designator = "TP7" ("TP7"); Footprint = "KEYSTONE_5001"; UniqueID = "\YQJSBQGP" ("\YQJSBQGP")
Add Component: Footprint Not Found LEDM168X50N
Add Component: Footprint Not Found RESC1005X35N
Added Component: Designator=TP9(test_point)
Added Component: Designator=TP10(test_point)
Added Component: Designator=TP11(test_point)
Added Component: Designator=TP12(test_point)
Added Component: Designator=TP13(test_point)
Added Component: Designator=TP14(test_point)
Added Component: Designator=TP15(test_point)
Added Component: Designator=TP16(test_point)
Added Component: Designator=TP17(test_point)
Added Component: Designator=TP18(test_point)
Added Component: Designator=TP19(test_point)
Added Component: Designator=TP20(KEYSTONE_5001)
Add component (AddParameter): Name = "Body Material"; Value = "Bronze"; VariantName = "[No Variations]"
Add component (AddParameter): Name = "Category"; Value = "Test Probes, Leads and Clips"; VariantName = "[No Variations]"
Add component (AddParameter): Name = "Color"; Value = "Black"; VariantName = "[No Variations]"
Add component (AddParameter): Name = "ComponentLink1Description"; Value = "https://datasheet.ciiva.com/27052/1581986-27052611.pdf?src-supplier=Jameco"; VariantName = "[No Variations]"
Add component (AddParameter): Name = "ComponentLink1URL"; Value = "https://datasheet.ciiva.com/27052/1581986-27052611.pdf?src-supplier=Jameco"; VariantName = "[No Variations]"
Add component (AddParameter): Name = "ComponentLink2Description"; Value = "https://datasheet.ciiva.com/11836/0900766b8009b7c7-11836045.pdf?src-supplier=RSComponents"; VariantName = "[No Variations]"
Add component (AddParameter): Name = "ComponentLink2URL"; Value = "https://datasheet.ciiva.com/11836/0900766b8009b7c7-11836045.pdf?src-supplier=RSComponents"; VariantName = "[No Variations]"
Add component (AddParameter): Name = "ComponentLink3Description"; Value = "https://datasheet.ciiva.com/16318/m60-2p60-16318423.pdf?src-supplier=Future+Electronics"; VariantName = "[No Variations]"
Add component (AddParameter): Name = "ComponentLink3URL"; Value = "https://datasheet.ciiva.com/16318/m60-2p60-16318423.pdf?src-supplier=Future+Electronics"; VariantName = "[No Variations]"
Add component (AddParameter): Name = "ComponentLink4Description"; Value = "https://datasheet.ciiva.com/22631/1703983-22631100.pdf?src-supplier=Element14"; VariantName = "[No Variations]"
Add component (AddParameter): Name = "ComponentLink4URL"; Value = "https://datasheet.ciiva.com/22631/1703983-22631100.pdf?src-supplier=Element14"; VariantName = "[No Variations]"
Add component (AddParameter): Name = "Contact Material"; Value = "Bronze"; VariantName = "[No Variations]"
Add component (AddParameter): Name = "Contact Plating"; Value = "Silver,Tin"; VariantName = "[No Variations]"
Add component (AddParameter): Name = "Diameter"; Value = "2.54mm"; VariantName = "[No Variations]"
Add component (AddParameter): Name = "Flammability Rating"; Value = "UL94 V-0"; VariantName = "[No Variations]"
Add component (AddParameter): Name = "Height"; Value = "0.3inch"; VariantName = "[No Variations]"
Add component (AddParameter): Name = "Hole Diameter"; Value = "1.6mm"; VariantName = "[No Variations]"
Add component (AddParameter): Name = "Housing Color"; Value = "Black"; VariantName = "[No Variations]"
Add component (AddParameter): Name = "Inside Diameter"; Value = "1.27mm"; VariantName = "[No Variations]"
Add component (AddParameter): Name = "Insulation"; Value = "Insulated"; VariantName = "[No Variations]"
Add component (AddParameter): Name = "Insulation Material"; Value = "Nylon"; VariantName = "[No Variations]"
Add component (AddParameter): Name = "Lead Free"; Value = "Lead Free"; VariantName = "[No Variations]"
Add component (AddParameter): Name = "Length"; Value = "7.62mm"; VariantName = "[No Variations]"
Add component (AddParameter): Name = "Manufacturer"; Value = "Keystone Electronics"; VariantName = "[No Variations]"
Add component (AddParameter): Name = "Manufacturer Part Number"; Value = "5001"; VariantName = "[No Variations]"
Add component (AddParameter): Name = "Material"; Value = "Nylon,Bronze,Silver"; VariantName = "[No Variations]"
Add component (AddParameter): Name = "Mount"; Value = "Through Hole"; VariantName = "[No Variations]"
Add component (AddParameter): Name = "Number of Contacts"; Value = "1"; VariantName = "[No Variations]"
Add component (AddParameter): Name = "Number of Ports"; Value = "1"; VariantName = "[No Variations]"
Add component (AddParameter): Name = "Orientation"; Value = "Straight"; VariantName = "[No Variations]"
Add component (AddParameter): Name = "Outside Diameter"; Value = "2.54mm"; VariantName = "[No Variations]"
Add component (AddParameter): Name = "Package Quantity"; Value = "100"; VariantName = "[No Variations]"
Add component (AddParameter): Name = "Packaging"; Value = "Bulk"; VariantName = "[No Variations]"
Add component (AddParameter): Name = "Plating"; Value = "Silver"; VariantName = "[No Variations]"
Add component (AddParameter): Name = "REACH SVHC"; Value = "No SVHC"; VariantName = "[No Variations]"
Add component (AddParameter): Name = "RoHS"; Value = "Yes"; VariantName = "[No Variations]"
Add component (AddParameter): Name = "RoHS Compliant"; Value = "Yes"; VariantName = "[No Variations]"
Add component (AddParameter): Name = "Series"; Value = "THM"; VariantName = "[No Variations]"
Add component (AddParameter): Name = "Stock 1"; Value = "647250"; VariantName = "[No Variations]"
Add component (AddParameter): Name = "Supplier 1"; Value = "Digi-Key"; VariantName = "[No Variations]"
Add component (AddParameter): Name = "Supplier Part Number 1"; Value = "36-5001-ND"; VariantName = "[No Variations]"
Add component (AddParameter): Name = "Termination"; Value = "Through Hole"; VariantName = "[No Variations]"
Added Component: Designator=TP21(KEYSTONE_5001)
Add component (AddParameter): Name = "Body Material"; Value = "Bronze"; VariantName = "[No Variations]"
Add component (AddParameter): Name = "Category"; Value = "Test Probes, Leads and Clips"; VariantName = "[No Variations]"
Add component (AddParameter): Name = "Color"; Value = "Black"; VariantName = "[No Variations]"
Add component (AddParameter): Name = "ComponentLink1Description"; Value = "https://datasheet.ciiva.com/27052/1581986-27052611.pdf?src-supplier=Jameco"; VariantName = "[No Variations]"
Add component (AddParameter): Name = "ComponentLink1URL"; Value = "https://datasheet.ciiva.com/27052/1581986-27052611.pdf?src-supplier=Jameco"; VariantName = "[No Variations]"
Add component (AddParameter): Name = "ComponentLink2Description"; Value = "https://datasheet.ciiva.com/11836/0900766b8009b7c7-11836045.pdf?src-supplier=RSComponents"; VariantName = "[No Variations]"
Add component (AddParameter): Name = "ComponentLink2URL"; Value = "https://datasheet.ciiva.com/11836/0900766b8009b7c7-11836045.pdf?src-supplier=RSComponents"; VariantName = "[No Variations]"
Add component (AddParameter): Name = "ComponentLink3Description"; Value = "https://datasheet.ciiva.com/16318/m60-2p60-16318423.pdf?src-supplier=Future+Electronics"; VariantName = "[No Variations]"
Add component (AddParameter): Name = "ComponentLink3URL"; Value = "https://datasheet.ciiva.com/16318/m60-2p60-16318423.pdf?src-supplier=Future+Electronics"; VariantName = "[No Variations]"
Add component (AddParameter): Name = "ComponentLink4Description"; Value = "https://datasheet.ciiva.com/22631/1703983-22631100.pdf?src-supplier=Element14"; VariantName = "[No Variations]"
Add component (AddParameter): Name = "ComponentLink4URL"; Value = "https://datasheet.ciiva.com/22631/1703983-22631100.pdf?src-supplier=Element14"; VariantName = "[No Variations]"
Add component (AddParameter): Name = "Contact Material"; Value = "Bronze"; VariantName = "[No Variations]"
Add component (AddParameter): Name = "Contact Plating"; Value = "Silver,Tin"; VariantName = "[No Variations]"
Add component (AddParameter): Name = "Diameter"; Value = "2.54mm"; VariantName = "[No Variations]"
Add component (AddParameter): Name = "Flammability Rating"; Value = "UL94 V-0"; VariantName = "[No Variations]"
Add component (AddParameter): Name = "Height"; Value = "0.3inch"; VariantName = "[No Variations]"
Add component (AddParameter): Name = "Hole Diameter"; Value = "1.6mm"; VariantName = "[No Variations]"
Add component (AddParameter): Name = "Housing Color"; Value = "Black"; VariantName = "[No Variations]"
Add component (AddParameter): Name = "Inside Diameter"; Value = "1.27mm"; VariantName = "[No Variations]"
Add component (AddParameter): Name = "Insulation"; Value = "Insulated"; VariantName = "[No Variations]"
Add component (AddParameter): Name = "Insulation Material"; Value = "Nylon"; VariantName = "[No Variations]"
Add component (AddParameter): Name = "Lead Free"; Value = "Lead Free"; VariantName = "[No Variations]"
Add component (AddParameter): Name = "Length"; Value = "7.62mm"; VariantName = "[No Variations]"
Add component (AddParameter): Name = "Manufacturer"; Value = "Keystone Electronics"; VariantName = "[No Variations]"
Add component (AddParameter): Name = "Manufacturer Part Number"; Value = "5001"; VariantName = "[No Variations]"
Add component (AddParameter): Name = "Material"; Value = "Nylon,Bronze,Silver"; VariantName = "[No Variations]"
Add component (AddParameter): Name = "Mount"; Value = "Through Hole"; VariantName = "[No Variations]"
Add component (AddParameter): Name = "Number of Contacts"; Value = "1"; VariantName = "[No Variations]"
Add component (AddParameter): Name = "Number of Ports"; Value = "1"; VariantName = "[No Variations]"
Add component (AddParameter): Name = "Orientation"; Value = "Straight"; VariantName = "[No Variations]"
Add component (AddParameter): Name = "Outside Diameter"; Value = "2.54mm"; VariantName = "[No Variations]"
Add component (AddParameter): Name = "Package Quantity"; Value = "100"; VariantName = "[No Variations]"
Add component (AddParameter): Name = "Packaging"; Value = "Bulk"; VariantName = "[No Variations]"
Add component (AddParameter): Name = "Plating"; Value = "Silver"; VariantName = "[No Variations]"
Add component (AddParameter): Name = "REACH SVHC"; Value = "No SVHC"; VariantName = "[No Variations]"
Add component (AddParameter): Name = "RoHS"; Value = "Yes"; VariantName = "[No Variations]"
Add component (AddParameter): Name = "RoHS Compliant"; Value = "Yes"; VariantName = "[No Variations]"
Add component (AddParameter): Name = "Series"; Value = "THM"; VariantName = "[No Variations]"
Add component (AddParameter): Name = "Stock 1"; Value = "647250"; VariantName = "[No Variations]"
Add component (AddParameter): Name = "Supplier 1"; Value = "Digi-Key"; VariantName = "[No Variations]"
Add component (AddParameter): Name = "Supplier Part Number 1"; Value = "36-5001-ND"; VariantName = "[No Variations]"
Add component (AddParameter): Name = "Termination"; Value = "Through Hole"; VariantName = "[No Variations]"
Added Component: Designator=TP22(test_point)
Added Component: Designator=TP23(test_point)
Added Component: Designator=TP24(test_point)
Added Component: Designator=TP25(test_point)
Add Pin To Net: Unknown Pin: Pin LED6-1
Add Pin To Net: Unknown Pin: Pin R21-2
Added Pin To Net: NetName=CAN1_EN Pin=TP5-1
Added Pin To Net: NetName=CANL Pin=TP6-1
Added Pin To Net: NetName=CANH Pin=TP7-1
Added Pin To Net: NetName=CS_BERK Pin=TP9-1
Added Pin To Net: NetName=I2C1_SCL Pin=TP10-1
Added Pin To Net: NetName=I2C1_SDA Pin=TP11-1
Added Pin To Net: NetName=INT_STT Pin=TP12-1
Added Pin To Net: NetName=SPI3_CLK Pin=TP13-1
Added Pin To Net: NetName=SPI3_CLK Pin=TP14-1
Added Pin To Net: NetName=CS_ISM Pin=TP15-1
Added Pin To Net: NetName=SPI3_MISO Pin=TP16-1
Added Pin To Net: NetName=NetQ8_3 Pin=TP17-1
Added Pin To Net: NetName=NetQ9_3 Pin=TP18-1
Added Pin To Net: NetName=NB_NET_STATUS Pin=TP19-1
Added Pin To Net: NetName=V_SYS Pin=TP20-1
Added Pin To Net: NetName=DCDC Pin=TP21-1
Added Pin To Net: NetName=3V3_uC Pin=TP22-1
Added Pin To Net: NetName=3V3_BC95 Pin=TP23-1
Added Pin To Net: NetName=3V3_sensors Pin=TP24-1
Added Pin To Net: NetName=3V3_sdCard Pin=TP25-1
Add Pin To Net: Unknown Pin: Pin U2-1
Add Pin To Net: Unknown Pin: Pin U2-2
Add Pin To Net: Unknown Pin: Pin U2-3
Add Pin To Net: Unknown Pin: Pin U2-4
Add Pin To Net: Unknown Pin: Pin U2-5
Add Pin To Net: Unknown Pin: Pin U2-6
Add Pin To Net: Unknown Pin: Pin U2-8
Add Pin To Net: Unknown Pin: Pin U2-9
Add Pin To Net: Unknown Pin: Pin U2-10
Add Pin To Net: Unknown Pin: Pin U2-11
Add Pin To Net: Unknown Pin: Pin U2-13
Add Pin To Net: Unknown Pin: Pin U2-14
Add Pin To Net: Unknown Pin: Pin U2-15
Add Pin To Net: Unknown Pin: Pin U2-16
Added Net: Name=NetLED6_2
Added Member To Class: ClassName=mcu_v1 Member=Component B1 RESET
Added Member To Class: ClassName=mcu_v1 Member=Component B2 RESET
Added Member To Class: ClassName=mems Member=Component C1 10u
Added Member To Class: ClassName=mems Member=Component C2 100n
Added Member To Class: ClassName=mems Member=Component C3 15n
Added Member To Class: ClassName=mems Member=Component C4 15n
Added Member To Class: ClassName=mems Member=Component C5 15n
Added Member To Class: ClassName=mems Member=Component C6 10u
Added Member To Class: ClassName=mems Member=Component C7 100n
Added Member To Class: ClassName=mems Member=Component C8 100n
Added Member To Class: ClassName=mems Member=Component C9 100n
Added Member To Class: ClassName=mems Member=Component C10 100n
Added Member To Class: ClassName=mcu_v1 Member=Component C14 10nF
Added Member To Class: ClassName=mcu_v1 Member=Component C15 1uF
Added Member To Class: ClassName=mcu_v1 Member=Component C16 100n
Added Member To Class: ClassName=mcu_v1 Member=Component C17 10nF
Added Member To Class: ClassName=mcu_v1 Member=Component C18 1uF
Added Member To Class: ClassName=mcu_v1 Member=Component C19 100n
Added Member To Class: ClassName=mcu_v1 Member=Component C20 100n
Added Member To Class: ClassName=mcu_v1 Member=Component C21 100n
Added Member To Class: ClassName=mcu_v1 Member=Component C22 100n
Added Member To Class: ClassName=mcu_v1 Member=Component C23 100n
Added Member To Class: ClassName=mcu_v1 Member=Component C24 100n
Added Member To Class: ClassName=mcu_v1 Member=Component C25 100n
Added Member To Class: ClassName=mcu_v1 Member=Component C26 100n
Added Member To Class: ClassName=mcu_v1 Member=Component C27 100n
Added Member To Class: ClassName=mcu_v1 Member=Component C28 100n
Added Member To Class: ClassName=mcu_v1 Member=Component C29 100n
Added Member To Class: ClassName=mcu_v1 Member=Component C30 4.7u
Added Member To Class: ClassName=mcu_v1 Member=Component C31 15pF
Added Member To Class: ClassName=mcu_v1 Member=Component C32 15pF
Added Member To Class: ClassName=mcu_v1 Member=Component C33 10pF
Added Member To Class: ClassName=mcu_v1 Member=Component C34 10pF
Added Member To Class: ClassName=mcu_v1 Member=Component C35 100n
Added Member To Class: ClassName=connectors Member=Component C36 100n
Added Member To Class: ClassName=connectors Member=Component C37 100n
Added Member To Class: ClassName=connectors Member=Component C38 100n
Added Member To Class: ClassName=connectors Member=Component C39 33pF
Added Member To Class: ClassName=connectors Member=Component C40 33pF
Added Member To Class: ClassName=connectors Member=Component C41 33pF
Added Member To Class: ClassName=connectors Member=Component C42 33pF
Added Member To Class: ClassName=connectors Member=Component C43 100p
Added Member To Class: ClassName=connectors Member=Component C44 100n
Added Member To Class: ClassName=connectors Member=Component C45 100u
Added Member To Class: ClassName=connectors Member=Component C46 100n
Added Member To Class: ClassName=connectors Member=Component C47 2.2u
Added Member To Class: ClassName=connectors Member=Component C48 100n
Added Member To Class: ClassName=connectors Member=Component C49 100n
Added Member To Class: ClassName=mcu_v1 Member=Component C51 100n
Added Member To Class: ClassName=new power management Member=Component C52 22uF
Added Member To Class: ClassName=new power management Member=Component C53 10uF
Added Member To Class: ClassName=new power management Member=Component C54 1uF
Added Member To Class: ClassName=new power management Member=Component C55 1uF
Added Member To Class: ClassName=new power management Member=Component C56 10uF
Added Member To Class: ClassName=new power management Member=Component C57 1uF
Added Member To Class: ClassName=new power management Member=Component C58 10uF
Added Member To Class: ClassName=new power management Member=Component C59 4.7u
Added Member To Class: ClassName=connectors Member=Component C60 100n
Added Member To Class: ClassName=connectors Member=Component C75 100n
Added Member To Class: ClassName=connectors Member=Component C76 100n
Added Member To Class: ClassName=connectors Member=Component D1 PESD1CAN,215
Added Member To Class: ClassName=connectors Member=Component IC1 SN65HVD231DR
Added Member To Class: ClassName=new power management Member=Component J1 62200821121
Added Member To Class: ClassName=connectors Member=Component J2 693071010811
Added Member To Class: ClassName=connectors Member=Component J3 SIM_CARD_Connector
Added Member To Class: ClassName=mcu_v1 Member=Component J4 1-1734248-2
Added Member To Class: ClassName=mcu_v1 Member=Component J5 1-2199119-5
Added Member To Class: ClassName=mcu_v1 Member=Component J6 M50-3550542
Added Member To Class: ClassName=new power management Member=Component J7 CON1
Added Member To Class: ClassName=mcu_v1 Member=Component J8 Female_Sockets
Added Member To Class: ClassName=mcu_v1 Member=Component J9 Female_Sockets
Added Member To Class: ClassName=new power management Member=Component J12 M22-2510205
Added Member To Class: ClassName=new power management Member=Component L4 2.2uH
Added Member To Class: ClassName=mcu_v1 Member=Component LED1 150060VS55040
Added Member To Class: ClassName=mcu_v1 Member=Component LED2 150060VS55040
Added Member To Class: ClassName=mcu_v1 Member=Component LED3 150060VS55040
Added Member To Class: ClassName=mcu_v1 Member=Component LED4 150060VS55040
Added Member To Class: ClassName=new power management Member=Component LED5 150060VS55040
Add Class Member: Failed to add class member : Component LED6 150060VS55040
Added Member To Class: ClassName=mcu_v1 Member=Component M1 TN2130K1-G
Added Member To Class: ClassName=mcu_v1 Member=Component M2 TN2130K1-G
Added Member To Class: ClassName=mcu_v1 Member=Component M3 TN2130K1-G
Added Member To Class: ClassName=mcu_v1 Member=Component M4 TN2130K1-G
Added Member To Class: ClassName=connectors Member=Component Q5 PDTC114EU,115
Added Member To Class: ClassName=connectors Member=Component Q8 PDTC114EU,115
Added Member To Class: ClassName=connectors Member=Component Q9 PDTC114EU,115
Added Member To Class: ClassName=mems Member=Component R1 0
Added Member To Class: ClassName=mems Member=Component R2 10K
Added Member To Class: ClassName=mems Member=Component R3 0
Added Member To Class: ClassName=mcu_v1 Member=Component R4 604
Added Member To Class: ClassName=mcu_v1 Member=Component R5 604
Added Member To Class: ClassName=mcu_v1 Member=Component R6 604
Added Member To Class: ClassName=mcu_v1 Member=Component R7 604
Added Member To Class: ClassName=connectors Member=Component R8 120
Added Member To Class: ClassName=mems Member=Component R9 12K
Added Member To Class: ClassName=connectors Member=Component R10 51K
Added Member To Class: ClassName=mems Member=Component R11 12K
Added Member To Class: ClassName=mems Member=Component R12 12K
Added Member To Class: ClassName=mcu_v1 Member=Component R13 330
Added Member To Class: ClassName=mcu_v1 Member=Component R14 100
Added Member To Class: ClassName=connectors Member=Component R15 51K
Added Member To Class: ClassName=connectors Member=Component R16 51K
Added Member To Class: ClassName=mcu_v1 Member=Component R17 0
Added Member To Class: ClassName=mcu_v1 Member=Component R18 220K
Added Member To Class: ClassName=mems Member=Component R19 12K
Added Member To Class: ClassName=mems Member=Component R20 0
Add Class Member: Failed to add class member : Component R21 2K
Added Member To Class: ClassName=mems Member=Component R22 0
Added Member To Class: ClassName=new power management Member=Component R23 56K
Added Member To Class: ClassName=new power management Member=Component R24 0
Added Member To Class: ClassName=new power management Member=Component R25 0
Added Member To Class: ClassName=new power management Member=Component R26 1M
Added Member To Class: ClassName=new power management Member=Component R27 47.5K
Added Member To Class: ClassName=new power management Member=Component R28 20K
Added Member To Class: ClassName=new power management Member=Component R29 2K
Added Member To Class: ClassName=new power management Member=Component R30 0
Added Member To Class: ClassName=new power management Member=Component R31 0
Added Member To Class: ClassName=new power management Member=Component R32 100K
Added Member To Class: ClassName=new power management Member=Component R33 10K
Added Member To Class: ClassName=new power management Member=Component R35 100K
Added Member To Class: ClassName=mcu_v1 Member=Component R37 10K
Added Member To Class: ClassName=mcu_v1 Member=Component R38 10K
Added Member To Class: ClassName=mcu_v1 Member=Component R39 10K
Added Member To Class: ClassName=mcu_v1 Member=Component R40 10K
Added Member To Class: ClassName=mcu_v1 Member=Component R41 10K
Added Member To Class: ClassName=mcu_v1 Member=Component R42 10K
Added Member To Class: ClassName=mcu_v1 Member=Component R43 10K
Added Member To Class: ClassName=connectors Member=Component R46 0
Added Member To Class: ClassName=connectors Member=Component R48 15K
Added Member To Class: ClassName=connectors Member=Component R49 10
Added Member To Class: ClassName=new power management Member=Component R52 0
Added Member To Class: ClassName=new power management Member=Component R53 100K
Added Member To Class: ClassName=new power management Member=Component R60 0
Added Member To Class: ClassName=new power management Member=Component R61 2K
Added Member To Class: ClassName=new power management Member=Component R62 20K
Added Member To Class: ClassName=connectors Member=Component R63 10K
Added Member To Class: ClassName=connectors Member=Component R66 10K
Added Member To Class: ClassName=connectors Member=Component R67 10K
Added Member To Class: ClassName=connectors Member=Component R73 10K
Added Member To Class: ClassName=connectors Member=Component R74 10K
Added Member To Class: ClassName=connectors Member=Component R76 10K
Added Member To Class: ClassName=connectors Member=Component R77 1K
Added Member To Class: ClassName=mems Member=Component TP1 Test Point
Added Member To Class: ClassName=mems Member=Component TP2 Test Point
Added Member To Class: ClassName=mems Member=Component TP3 Test Point
Added Member To Class: ClassName=new power management Member=Component TP4 Test Point
Added Member To Class: ClassName=connectors Member=Component TP5 test_point
Added Member To Class: ClassName=connectors Member=Component TP6 test_point
Added Member To Class: ClassName=connectors Member=Component TP7 test_point
Added Member To Class: ClassName=new power management Member=Component TP8 Test Point
Added Member To Class: ClassName=mems Member=Component TP9 test_point
Added Member To Class: ClassName=mems Member=Component TP10 test_point
Added Member To Class: ClassName=mems Member=Component TP11 test_point
Added Member To Class: ClassName=mems Member=Component TP12 test_point
Added Member To Class: ClassName=mems Member=Component TP13 test_point
Added Member To Class: ClassName=mems Member=Component TP14 test_point
Added Member To Class: ClassName=mems Member=Component TP15 test_point
Added Member To Class: ClassName=mems Member=Component TP16 test_point
Added Member To Class: ClassName=connectors Member=Component TP17 test_point
Added Member To Class: ClassName=connectors Member=Component TP18 test_point
Added Member To Class: ClassName=connectors Member=Component TP19 test_point
Added Member To Class: ClassName=new power management Member=Component TP20 Test Point
Added Member To Class: ClassName=new power management Member=Component TP21 Test Point
Added Member To Class: ClassName=new power management Member=Component TP22 test_point
Added Member To Class: ClassName=new power management Member=Component TP23 test_point
Added Member To Class: ClassName=new power management Member=Component TP24 test_point
Added Member To Class: ClassName=new power management Member=Component TP25 test_point
Added Member To Class: ClassName=mems Member=Component U1 LIS344ALHTR(Analog Accel.)
Add Class Member: Failed to add class member : Component U2 IIS2ICLXTR (Digital Accel.)
Added Member To Class: ClassName=mems Member=Component U3 STTS751(Temperature)
Added Member To Class: ClassName=mcu_v1 Member=Component U4 STM32L496ZGT6P
Added Member To Class: ClassName=connectors Member=Component U5 BC95-G
Added Member To Class: ClassName=connectors Member=Component U6 Voltage-Translator
Added Member To Class: ClassName=connectors Member=Component U9 SST25PF040C-40V_SN
Added Member To Class: ClassName=mems Member=Component U10 ISM330DHCXTR
Added Member To Class: ClassName=connectors Member=Component U12 Voltage-Translator
Added Member To Class: ClassName=new power management Member=Component U14 ST1PS01EJR
Added Member To Class: ClassName=new power management Member=Component U15 LDK130PU-R
Added Member To Class: ClassName=new power management Member=Component U16 STBC02AJR
Added Member To Class: ClassName=mcu_v1 Member=Component X1 ABS05-32.768KHZ-T
Added Member To Class: ClassName=mcu_v1 Member=Component X2 ABM3B-16.000MHZ-10-1-U-T
Added Member To Class: ClassName=connectors Member=Component X3 Antenna
