Removed Pin From Net: NetName=3V3_sensors Pin=C11-1
Removed Pin From Net: NetName=GND Pin=C11-2
Removed Pin From Net: NetName=3V3_sensors Pin=C12-1
Removed Pin From Net: NetName=GND Pin=C12-2
Removed Pin From Net: NetName=3V3_sensors Pin=C13-1
Removed Pin From Net: NetName=GND Pin=C13-2
Removed Pin From Net: NetName=3V3_sensors Pin=C50-1
Removed Pin From Net: NetName=GND Pin=C50-2
Removed Pin From Net: NetName=BATT Pin=J7-1
Removed Pin From Net: NetName=V_SYS Pin=J7-2
Removed Pin From Net: NetName=BATT Pin=J7-3
Removed Pin From Net: NetName=V_SYS Pin=J7-4
Removed Pin From Net: NetName=V_SYS Pin=J7-6
Removed Pin From Net: NetName=5V_Ext Pin=J7-7
Removed Pin From Net: NetName=5V Pin=J7-8
Removed Pin From Net: NetName=BATT Pin=J11-1
Removed Pin From Net: NetName=GND Pin=J11-2
Removed Pin From Net: NetName=GND Pin=J11-MP1
Removed Pin From Net: NetName=GND Pin=J11-MP2
Removed Pin From Net: NetName=3V3_sensors Pin=R4-2
Removed Pin From Net: NetName=3V3_sensors Pin=R21-2
Removed Pin From Net: NetName=SPI3_MISO Pin=U7-1
Removed Pin From Net: NetName=INT2_ACC Pin=U7-4
Removed Pin From Net: NetName=GND Pin=U7-6
Removed Pin From Net: NetName=GND Pin=U7-7
Removed Pin From Net: NetName=INT1_ACC Pin=U7-9
Removed Pin From Net: NetName=SPI3_CS Pin=U7-12
Removed Pin From Net: NetName=SPI3_CLK Pin=U7-13
Removed Pin From Net: NetName=SPI3_MOSI Pin=U7-14
Removed Pin From Net: NetName=SPI3_MISO Pin=U8-1
Removed Pin From Net: NetName=INT2_ACC Pin=U8-4
Removed Pin From Net: NetName=GND Pin=U8-6
Removed Pin From Net: NetName=GND Pin=U8-7
Removed Pin From Net: NetName=INT1_ACC Pin=U8-9
Removed Pin From Net: NetName=SPI3_CS Pin=U8-12
Removed Pin From Net: NetName=SPI3_CLK Pin=U8-13
Removed Pin From Net: NetName=SPI3_MOSI Pin=U8-14
Removed Pin From Net: NetName=INT1_ACC Pin=U10-9
Removed Member From Class: ClassName=mems Member=C11
Removed Member From Class: ClassName=mems Member=C12
Removed Member From Class: ClassName=mems Member=C13
Removed Member From Class: ClassName=mems Member=C50
Removed Member From Class: ClassName=new power management Member=J7
Removed Member From Class: ClassName=new power management Member=J11
Removed Member From Class: ClassName=mems Member=R4
Removed Member From Class: ClassName=mems Member=R21
Removed Member From Class: ClassName=mems Member=U7
Removed Member From Class: ClassName=mems Member=U8
Add Component: Footprint Not Found RESC1608X55N
Add Component: Footprint Not Found RESC1608X55N
Add Pin To Net: Unknown Pin: Pin J10-+
Add Pin To Net: Unknown Pin: Pin J10--
Added Pin To Net: NetName=BATT Pin=J12-2
Add Pin To Net: Unknown Pin: Pin R24-1
Add Pin To Net: Unknown Pin: Pin R24-2
Add Pin To Net: Unknown Pin: Pin R25-1
Add Pin To Net: Unknown Pin: Pin R25-2
Add Pin To Net: Unknown Pin: Pin U2-1
Add Pin To Net: Unknown Pin: Pin U2-2
Add Pin To Net: Unknown Pin: Pin U2-3
Add Pin To Net: Unknown Pin: Pin U2-5
Add Pin To Net: Unknown Pin: Pin U2-6
Add Pin To Net: Unknown Pin: Pin U2-8
Add Pin To Net: Unknown Pin: Pin U2-9
Add Pin To Net: Unknown Pin: Pin U2-10
Add Pin To Net: Unknown Pin: Pin U2-11
Add Pin To Net: Unknown Pin: Pin U2-13
Add Pin To Net: Unknown Pin: Pin U2-14
Add Pin To Net: Unknown Pin: Pin U2-15
Add Pin To Net: Unknown Pin: Pin U2-16
Add Class Member: Failed to add class member : Component R24 0
Add Class Member: Failed to add class member : Component R25 0
Add Class Member: Failed to add class member : Component U2 IIS2ICLXTR (Digital Accel.)
Added Room: Name=connectors
Added Room: Name=mcu_v1
Added Room: Name=mems
Added Room: Name=new power management
