Removed Pin From Net: NetName=GND Pin=C49-1
Removed Pin From Net: NetName=NetC46_1 Pin=C49-2
Removed Pin From Net: NetName=GND Pin=C75-1
Removed Pin From Net: NetName=NetC46_1 Pin=C75-2
Removed Pin From Net: NetName=3V3_uC Pin=C76-1
Removed Pin From Net: NetName=GND Pin=C76-2
Removed Pin From Net: NetName=OCTOSPIM_P1_NCS Pin=J5-1
Removed Pin From Net: NetName=OCTOSPIM_P1_CLK Pin=J5-3
Removed Pin From Net: NetName=OCTOSPIM_P1_IO0 Pin=J5-5
Removed Pin From Net: NetName=OCTOSPIM_P1_IO1 Pin=J5-7
Removed Pin From Net: NetName=OCTOSPIM_P1_IO2 Pin=J5-9
Removed Pin From Net: NetName=OCTOSPIM_P1_IO3 Pin=J5-11
Removed Pin From Net: NetName=USART2_TX Pin=J5-21
Removed Pin From Net: NetName=USART2_RX Pin=J5-23
Removed Pin From Net: NetName=SPI1_MISO Pin=J5-25
Removed Pin From Net: NetName=SPI1_MOSI Pin=J5-27
Removed Pin From Net: NetName=SPI1_SCK Pin=J5-29
Removed Pin From Net: NetName=SPI_CS Pin=J5-31
Removed Pin From Net: NetName=I2C2_SMBA Pin=J5-39
Removed Pin From Net: NetName=I2C2_SCL Pin=J5-41
Removed Pin From Net: NetName=I2C2_SDA Pin=J5-43
Removed Pin From Net: NetName=SAI1_FS_B Pin=J5-45
Removed Pin From Net: NetName=SAI1_SCK_B Pin=J5-47
Removed Pin From Net: NetName=SAI1_SD_B Pin=J5-49
Removed Pin From Net: NetName=SAI1_SD_A Pin=J5-52
Removed Pin From Net: NetName=SAI1_FS_A Pin=J5-54
Removed Pin From Net: NetName=SAI1_SCK_A Pin=J5-56
Removed Pin From Net: NetName=GND Pin=J5-69
Removed Pin From Net: NetName=3V3_Ext Pin=J5-71
Removed Pin From Net: NetName=5V_Ext Pin=J5-73
Removed Pin From Net: NetName=2.7V Pin=J5-75
Removed Pin From Net: NetName=GND Pin=J5-SH1
Removed Pin From Net: NetName=GND Pin=J5-SH2
Removed Pin From Net: NetName=GND Pin=J7-2
Removed Pin From Net: NetName=BATT Pin=J12-2
Removed Pin From Net: NetName=NB_UART_RX Pin=R10-2
Removed Pin From Net: NetName=NB_UART_TX Pin=R15-2
Removed Pin From Net: NetName=NB_RI Pin=R16-2
Removed Pin From Net: NetName=BATT Pin=R24-1
Removed Pin From Net: NetName=GND Pin=R73-2
Removed Pin From Net: NetName=GND Pin=R74-2
Removed Pin From Net: NetName=GND Pin=U6-2
Removed Pin From Net: NetName=NetC46_1 Pin=U6-3
Removed Pin From Net: NetName=3V3_uC Pin=U6-7
Removed Pin From Net: NetName=GND Pin=U12-2
Removed Pin From Net: NetName=NetC46_1 Pin=U12-3
Removed Pin From Net: NetName=3V3_uC Pin=U12-7
Removed Member From Class: ClassName=connectors Member=C75
Removed Member From Class: ClassName=connectors Member=C76
Removed Member From Class: ClassName=connectors Member=R73
Removed Member From Class: ClassName=connectors Member=R74
Removed Member From Class: ClassName=connectors Member=U6
Removed Member From Class: ClassName=connectors Member=U12
Change Footprint: Footprint Not Found UJ2MIBH2SMTTR67
Change Footprint: Footprint Not Found ERJ3EK_(0603)
Change Component Footprint: Designator=R15 Old Footprint=RESC6432X120N New Footprint=RESC1005X40N
Change Component Footprint: Designator=R16 Old Footprint=RESC6432X120N New Footprint=RESC1005X40N
Change Footprint: Footprint Not Found 21992305
Change Component Comment : Designator=J5 Old Comment=1-2199119-5 New Comment=2199230-5
Change Component Comment : Designator=R49 Old Comment=10 New Comment=10m
Change Component Comment : Designator=R15 Old Comment=51K New Comment=10
Change Component Comment : Designator=R16 Old Comment=51K New Comment=10
Change Component Comment : Designator=R10 Old Comment=51K New Comment=10K
Change Component Comment : Designator=J7 Old Comment=CON1 New Comment=UJ2-MIBH-2-SMT-TR-67
Change component parameters: Designator = "J5" ("J5"); Footprint = "TE_1-2199119-5"; UniqueID = "\WFRHTHDI" ("\WFRHTHDI")
Change component parameters (AddParameter): Name = "Datasheet Link"; Value = "https://componentsearchengine.com//2199230-5.pdf"; VariantName = "[No Variations]"
Change component parameters (AddParameter): Name = "Height"; Value = "4.2mm"; VariantName = "[No Variations]"
Change component parameters (AddParameter): Name = "Manufacturer_Name"; Value = "TE Connectivity"; VariantName = "[No Variations]"
Change component parameters (AddParameter): Name = "Manufacturer_Part_Number"; Value = "2199230-5"; VariantName = "[No Variations]"
Change component parameters (AddParameter): Name = "Mouser2 Part Number"; Value = "571-2199230-5"; VariantName = "[No Variations]"
Change component parameters (AddParameter): Name = "Mouser2 Price/Stock"; Value = "https://www.mouser.com/Search/Refine.aspx?Keyword=571-2199230-5"; VariantName = "[No Variations]"
Change component parameters: Designator = "J7" ("J7"); Footprint = "1725656"; UniqueID = "\YBTTXIOY" ("\YBTTXIOY")
Change component parameters (AddParameter): Name = "Datasheet Link"; Value = ""; VariantName = "[No Variations]"
Change component parameters (AddParameter): Name = "Height"; Value = "4.3mm"; VariantName = "[No Variations]"
Change component parameters (AddParameter): Name = "Manufacturer_Name"; Value = "CUI Inc."; VariantName = "[No Variations]"
Change component parameters (AddParameter): Name = "Manufacturer_Part_Number"; Value = "UJ2-MIBH-2-SMT-TR-67"; VariantName = "[No Variations]"
Change component parameters (AddParameter): Name = "Mouser2 Part Number"; Value = ""; VariantName = "[No Variations]"
Change component parameters (AddParameter): Name = "Mouser2 Price/Stock"; Value = ""; VariantName = "[No Variations]"
Change component parameters: Designator = "R10" ("R10"); Footprint = "RESC6432X120N"; UniqueID = "\RAMQDNJK" ("\RAMQDNJK")
Change component parameters (AddParameter): Name = "Datasheet Link"; Value = "https://componentsearchengine.com//ERJ-3EKF1002V.pdf"; VariantName = "[No Variations]"
Change component parameters (AddParameter): Name = "Height"; Value = "0.55mm"; VariantName = "[No Variations]"
Change component parameters (AddParameter): Name = "Manufacturer_Name"; Value = "Panasonic"; VariantName = "[No Variations]"
Change component parameters (AddParameter): Name = "Manufacturer_Part_Number"; Value = "ERJ-3EKF1002V"; VariantName = "[No Variations]"
Change component parameters (AddParameter): Name = "Mouser2 Part Number"; Value = "667-ERJ-3EKF1002V"; VariantName = "[No Variations]"
Change component parameters (AddParameter): Name = "Mouser2 Price/Stock"; Value = "https://www.mouser.com/Search/Refine.aspx?Keyword=667-ERJ-3EKF1002V"; VariantName = "[No Variations]"
Change component parameters: Designator = "R15" ("R15"); Footprint = "RESC6432X120N"; UniqueID = "\QARDZCUC" ("\QARDZCUC")
Change component parameters (AddParameter): Name = "Datasheet Link"; Value = "https://www.bourns.com/pdfs/CR0402.pdf"; VariantName = "[No Variations]"
Change component parameters (AddParameter): Name = "Height"; Value = "0.4mm"; VariantName = "[No Variations]"
Change component parameters (AddParameter): Name = "Manufacturer_Name"; Value = "Bourns"; VariantName = "[No Variations]"
Change component parameters (AddParameter): Name = "Manufacturer_Part_Number"; Value = "CR0402-FX-10R0GLF"; VariantName = "[No Variations]"
Change component parameters (AddParameter): Name = "Mouser2 Part Number"; Value = ""; VariantName = "[No Variations]"
Change component parameters (AddParameter): Name = "Mouser2 Price/Stock"; Value = ""; VariantName = "[No Variations]"
Change component parameters: Designator = "R16" ("R16"); Footprint = "RESC6432X120N"; UniqueID = "\FOUGWAIN" ("\FOUGWAIN")
Change component parameters (AddParameter): Name = "Datasheet Link"; Value = "https://www.bourns.com/pdfs/CR0402.pdf"; VariantName = "[No Variations]"
Change component parameters (AddParameter): Name = "Height"; Value = "0.4mm"; VariantName = "[No Variations]"
Change component parameters (AddParameter): Name = "Manufacturer_Name"; Value = "Bourns"; VariantName = "[No Variations]"
Change component parameters (AddParameter): Name = "Manufacturer_Part_Number"; Value = "CR0402-FX-10R0GLF"; VariantName = "[No Variations]"
Change component parameters (AddParameter): Name = "Mouser2 Part Number"; Value = ""; VariantName = "[No Variations]"
Change component parameters (AddParameter): Name = "Mouser2 Price/Stock"; Value = ""; VariantName = "[No Variations]"
Added Component: Designator=IC2(BGA12C50P4X3_250X200X100)
Add component (AddParameter): Name = "Datasheet Link"; Value = "https://www.arrow.com/en/products/txs0104enmnr/texas-instruments"; VariantName = "[No Variations]"
Add component (AddParameter): Name = "Height"; Value = "1mm"; VariantName = "[No Variations]"
Add component (AddParameter): Name = "Manufacturer_Name"; Value = "Texas Instruments"; VariantName = "[No Variations]"
Add component (AddParameter): Name = "Manufacturer_Part_Number"; Value = "TXS0104ENMNR"; VariantName = "[No Variations]"
Add component (AddParameter): Name = "Mouser2 Part Number"; Value = ""; VariantName = "[No Variations]"
Add component (AddParameter): Name = "Mouser2 Price/Stock"; Value = ""; VariantName = "[No Variations]"
Add Component: Footprint Not Found SOP65P640X120-20N
Add Component: Footprint Not Found LEDM168X50N
Add Component: Footprint Not Found RESC1005X35N
Added Component: Designator=R34(RESC1005X40N)
Add component (AddParameter): Name = "Datasheet Link"; Value = "https://www.bourns.com/pdfs/CR0402.pdf"; VariantName = "[No Variations]"
Add component (AddParameter): Name = "Height"; Value = "0.4mm"; VariantName = "[No Variations]"
Add component (AddParameter): Name = "Manufacturer_Name"; Value = "Bourns"; VariantName = "[No Variations]"
Add component (AddParameter): Name = "Manufacturer_Part_Number"; Value = "CR0402-FX-10R0GLF"; VariantName = "[No Variations]"
Add component (AddParameter): Name = "Mouser2 Part Number"; Value = ""; VariantName = "[No Variations]"
Add component (AddParameter): Name = "Mouser2 Price/Stock"; Value = ""; VariantName = "[No Variations]"
Added Pin To Net: NetName=NetC46_1 Pin=C49-1
Added Pin To Net: NetName=GND Pin=C49-2
Added Pin To Net: NetName=3V3_uC Pin=IC2-B1
Added Pin To Net: NetName=NetC46_1 Pin=IC2-B2
Added Pin To Net: NetName=GND Pin=IC2-B4
Add Pin To Net: Unknown Pin: Pin IC3-10
Add Pin To Net: Unknown Pin: Pin IC3-11
Add Pin To Net: Unknown Pin: Pin IC3-14
Add Pin To Net: Unknown Pin: Pin IC3-15
Add Pin To Net: Unknown Pin: Pin IC3-16
Add Pin To Net: Unknown Pin: Pin IC3-17
Add Pin To Net: Unknown Pin: Pin IC3-18
Add Pin To Net: Unknown Pin: Pin IC3-19
Add Pin To Net: Unknown Pin: Pin IC3-20
Add Pin To Net: Unknown Pin: Pin J5-76
Add Pin To Net: Unknown Pin: Pin J5-77
Add Pin To Net: Unknown Pin: Pin J7-5
Add Pin To Net: Unknown Pin: Pin J7-MP1
Add Pin To Net: Unknown Pin: Pin J7-MP2
Add Pin To Net: Unknown Pin: Pin J7-MP3
Add Pin To Net: Unknown Pin: Pin LED6-1
Add Pin To Net: Unknown Pin: Pin LED6-2
Added Pin To Net: NetName=GND Pin=R10-1
Added Pin To Net: NetName=NB_UART_RX Pin=R15-2
Added Pin To Net: NetName=NB_UART_TX Pin=R16-2
Add Pin To Net: Unknown Pin: Pin R21-1
Add Pin To Net: Unknown Pin: Pin R21-2
Added Pin To Net: NetName=NB_RI Pin=R34-2
Add Pin To Net: Unknown Pin: Pin U2-1
Add Pin To Net: Unknown Pin: Pin U2-2
Add Pin To Net: Unknown Pin: Pin U2-3
Add Pin To Net: Unknown Pin: Pin U2-4
Add Pin To Net: Unknown Pin: Pin U2-5
Add Pin To Net: Unknown Pin: Pin U2-6
Add Pin To Net: Unknown Pin: Pin U2-8
Add Pin To Net: Unknown Pin: Pin U2-9
Add Pin To Net: Unknown Pin: Pin U2-10
Add Pin To Net: Unknown Pin: Pin U2-11
Add Pin To Net: Unknown Pin: Pin U2-13
Add Pin To Net: Unknown Pin: Pin U2-14
Add Pin To Net: Unknown Pin: Pin U2-15
Add Pin To Net: Unknown Pin: Pin U2-16
Added Pin To Net: NetName=NetIC2_A1 Pin=IC2-A1
Added Pin To Net: NetName=NetIC2_A1 Pin=U5-30
Added Net: Name=NetIC2_A1
Added Pin To Net: NetName=NetIC2_A2 Pin=IC2-A2
Added Pin To Net: NetName=NetIC2_A2 Pin=U5-29
Added Net: Name=NetIC2_A2
Added Pin To Net: NetName=NetIC2_A3 Pin=IC2-A3
Added Pin To Net: NetName=NetIC2_A3 Pin=U5-34
Added Net: Name=NetIC2_A3
Added Pin To Net: NetName=NetIC2_A4 Pin=IC2-A4
Added Pin To Net: NetName=NetIC2_A4 Pin=R76-1
Added Net: Name=NetIC2_A4
Added Pin To Net: NetName=NetIC2_B3 Pin=IC2-B3
Added Pin To Net: NetName=NetIC2_B3 Pin=R10-2
Added Net: Name=NetIC2_B3
Added Pin To Net: NetName=NetIC2_C1 Pin=IC2-C1
Added Pin To Net: NetName=NetIC2_C1 Pin=R15-1
Added Net: Name=NetIC2_C1
Added Pin To Net: NetName=NetIC2_C2 Pin=IC2-C2
Added Pin To Net: NetName=NetIC2_C2 Pin=R16-1
Added Net: Name=NetIC2_C2
Added Pin To Net: NetName=NetIC2_C3 Pin=IC2-C3
Added Pin To Net: NetName=NetIC2_C3 Pin=R34-1
Added Net: Name=NetIC2_C3
Added Pin To Net: NetName=NetIC2_C4 Pin=IC2-C4
Added Pin To Net: NetName=NetIC2_C4 Pin=R77-1
Added Net: Name=NetIC2_C4
Added Pin To Net: NetName=NetJ12_2 Pin=J12-2
Added Pin To Net: NetName=NetJ12_2 Pin=R24-1
Added Net: Name=NetJ12_2
Added Net: Name=SPI2_SCK_GAP
Added Net: Name=SPI2_SDI_GAP
Added Net: Name=SPI_CS0_GAP
Added Pin To Net: NetName=SPI_SDIO2_GAP Pin=J5-49
Added Net: Name=SPI_SDIO2_GAP
Added Pin To Net: NetName=SPI_SDIO3_GAP Pin=J5-55
Added Net: Name=SPI_SDIO3_GAP
Added Net: Name=SPI_SDO_GAP
Added Pin To Net: NetName=V1p8 Pin=J5-3
Added Net: Name=V1p8
Added Member To Class: ClassName=connectors Member=Component IC2 TXS0104ENMNR
Add Class Member: Failed to add class member : Component IC3 TXB0108PWR
Add Class Member: Failed to add class member : Component LED6 150060VS55040
Add Class Member: Failed to add class member : Component R21 2K
Added Member To Class: ClassName=connectors Member=Component R34 10
Add Class Member: Failed to add class member : Component U2 IIS2ICLXTR (Digital Accel.)
