Change Component Footprint: Designator=IC2 Old Footprint=BGA12C50P4X3_250X200X100 New Footprint=SOP65P640X120-14N
Change Footprint: Footprint Not Found ERA3KV_(0603)
Change Footprint: Footprint Not Found ERJ3EK_(0603)
Add Component: Footprint Not Found RESC1608X55N
Added Component: Designator=R32(RESC1608X55N)
Add component (AddParameter): Name = "Datasheet Link"; Value = "https://componentsearchengine.com//CRCW06031K00FKEAC.pdf"; VariantName = "[No Variations]"
Add component (AddParameter): Name = "Height"; Value = "0.55mm"; VariantName = "[No Variations]"
Add component (AddParameter): Name = "Manufacturer_Name"; Value = "Vishay"; VariantName = "[No Variations]"
Add component (AddParameter): Name = "Manufacturer_Part_Number"; Value = "CRCW06031K00FKEAC"; VariantName = "[No Variations]"
Add component (AddParameter): Name = "Mouser2 Part Number"; Value = "71-CRCW06031K00FKEAC"; VariantName = "[No Variations]"
Add component (AddParameter): Name = "Mouser2 Price/Stock"; Value = "https://www.mouser.com/Search/Refine.aspx?Keyword=71-CRCW06031K00FKEAC"; VariantName = "[No Variations]"
Added Pin To Net: NetName=NetC46_1 Pin=IC2-1
Added Pin To Net: NetName=NetIC2_2 Pin=IC2-2
Added Pin To Net: NetName=NetIC2_3 Pin=IC2-3
Added Pin To Net: NetName=NetIC2_4 Pin=IC2-4
Added Pin To Net: NetName=NetIC2_5 Pin=IC2-5
Added Pin To Net: NetName=GND Pin=IC2-7
Added Pin To Net: NetName=NetIC2_8 Pin=IC2-8
Added Pin To Net: NetName=NetIC2_10 Pin=IC2-10
Added Pin To Net: NetName=NetIC2_11 Pin=IC2-11
Added Pin To Net: NetName=NetIC2_12 Pin=IC2-12
Added Pin To Net: NetName=NetIC2_13 Pin=IC2-13
Added Pin To Net: NetName=3V3_uC Pin=IC2-14
Add Pin To Net: Unknown Pin: Pin R18-1
Add Pin To Net: Unknown Pin: Pin R18-2
Added Pin To Net: NetName=NetIC2_10 Pin=R32-1
Added Pin To Net: NetName=3V3_uC Pin=R32-2
Add Class Member: Failed to add class member : Component R18 0
Added Member To Class: ClassName=connectors Member=Component R32 1K
