Removed Pin From Net: NetName=3V3_uC Pin=IC1-2
Removed Pin From Net: NetName=GND Pin=IC1-3
Removed Pin From Net: NetName=NRST Pin=J9-1
Removed Pin From Net: NetName=I2C2_SMBA Pin=R11-1
Removed Pin From Net: NetName=I2C2_SDA Pin=R12-1
Removed Pin From Net: NetName=I2C2_SCL Pin=R19-1
Removed Pin From Net: NetName=NB_UART_RX Pin=R50-2
Removed Pin From Net: NetName=NB_UART_TX Pin=R51-2
Removed Pin From Net: NetName=NB_RI Pin=R75-2
Removed Pin From Net: NetName=SPI3_MOSI Pin=U4-122
Removed Pin From Net: NetName=SPI3_CS Pin=U4-126
Removed Pin From Net: NetName=I2C2_SDA Pin=U4-128
Removed Pin From Net: NetName=I2C2_SCL Pin=U4-129
Removed Pin From Net: NetName=I2C2_SMBA Pin=U4-132
Removed Pin From Net: NetName=NB_RI Pin=U4-135
Removed Pin From Net: NetName=NB_NET_STATUS Pin=U4-136
Removed Pin From Net: NetName=NB_RST Pin=U4-137
Removed Pin From Net: NetName=NB_PWRKEY Pin=U4-139
Removed Member From Class: ClassName=connectors Member=R50
Removed Member From Class: ClassName=connectors Member=R51
Removed Member From Class: ClassName=connectors Member=R75
Added Component: Designator=IC2(SOIC127P600X175-8N)
Add component (AddParameter): Name = "Datasheet Link"; Value = "https://componentsearchengine.com/Datasheets/1/SST25PF040C-40V_SN.pdf"; VariantName = "[No Variations]"
Add component (AddParameter): Name = "Height"; Value = "1.75mm"; VariantName = "[No Variations]"
Add component (AddParameter): Name = "Manufacturer_Name"; Value = "Microchip"; VariantName = "[No Variations]"
Add component (AddParameter): Name = "Manufacturer_Part_Number"; Value = "SST25PF040C-40V/SN"; VariantName = "[No Variations]"
Add component (AddParameter): Name = "Mouser2 Part Number"; Value = ""; VariantName = "[No Variations]"
Add component (AddParameter): Name = "Mouser2 Price/Stock"; Value = ""; VariantName = "[No Variations]"
Added Component: Designator=J4(117342482)
Add component (AddParameter): Name = "Datasheet Link"; Value = "https://componentsearchengine.com/Datasheets/2/1-1734248-2.pdf"; VariantName = "[No Variations]"
Add component (AddParameter): Name = "Height"; Value = "8mm"; VariantName = "[No Variations]"
Add component (AddParameter): Name = "Manufacturer_Name"; Value = "TE Connectivity"; VariantName = "[No Variations]"
Add component (AddParameter): Name = "Manufacturer_Part_Number"; Value = "1-1734248-2"; VariantName = "[No Variations]"
Add component (AddParameter): Name = "Mouser2 Part Number"; Value = ""; VariantName = "[No Variations]"
Add component (AddParameter): Name = "Mouser2 Price/Stock"; Value = ""; VariantName = "[No Variations]"
Added Component: Designator=J8(SAMTEC-BCS-114-X-S-TE)
Add component (AddParameter): Name = "Category"; Value = "Connectors"; VariantName = "[No Variations]"
Add component (AddParameter): Name = "Color"; Value = "Black"; VariantName = "[No Variations]"
Add component (AddParameter): Name = "ComponentLink1Description"; Value = "https://datasheet.ciiva.com/25617/0900766b8115c15c-25617469.pdf?src-supplier=RSComponents"; VariantName = "[No Variations]"
Add component (AddParameter): Name = "ComponentLink1URL"; Value = "https://datasheet.ciiva.com/25617/0900766b8115c15c-25617469.pdf?src-supplier=RSComponents"; VariantName = "[No Variations]"
Add component (AddParameter): Name = "ComponentLink2Description"; Value = "https://datasheet.ciiva.com/413/bcs-1xx-xxx-x-xx-xxx-mkt-413700.pdf?src-supplier=Digi-Key"; VariantName = "[No Variations]"
Add component (AddParameter): Name = "ComponentLink2URL"; Value = "https://datasheet.ciiva.com/413/bcs-1xx-xxx-x-xx-xxx-mkt-413700.pdf?src-supplier=Digi-Key"; VariantName = "[No Variations]"
Add component (AddParameter): Name = "ComponentLink3Description"; Value = "https://datasheet.ciiva.com/10044/bcs-10044566.pdf?src-supplier=Avnet"; VariantName = "[No Variations]"
Add component (AddParameter): Name = "ComponentLink3URL"; Value = "https://datasheet.ciiva.com/10044/bcs-10044566.pdf?src-supplier=Avnet"; VariantName = "[No Variations]"
Add component (AddParameter): Name = "ComponentLink4Description"; Value = "https://datasheet.ciiva.com/7997/81213-7997401.pdf?src-supplier=Element14"; VariantName = "[No Variations]"
Add component (AddParameter): Name = "ComponentLink4URL"; Value = "https://datasheet.ciiva.com/7997/81213-7997401.pdf?src-supplier=Element14"; VariantName = "[No Variations]"
Add component (AddParameter): Name = "Connector Type"; Value = "Receptacle"; VariantName = "[No Variations]"
Add component (AddParameter): Name = "Contact Material"; Value = "Bronze"; VariantName = "[No Variations]"
Add component (AddParameter): Name = "Contact Plating"; Value = "Gold"; VariantName = "[No Variations]"
Add component (AddParameter): Name = "Contact Resistance"; Value = "10mR"; VariantName = "[No Variations]"
Add component (AddParameter): Name = "Depth"; Value = "2.54mm"; VariantName = "[No Variations]"
Add component (AddParameter): Name = "Gender"; Value = "Receptacle"; VariantName = "[No Variations]"
Add component (AddParameter): Name = "Housing Color"; Value = "Black"; VariantName = "[No Variations]"
Add component (AddParameter): Name = "Housing Material"; Value = "Polymer"; VariantName = "[No Variations]"
Add component (AddParameter): Name = "Lead Free"; Value = "Lead Free"; VariantName = "[No Variations]"
Add component (AddParameter): Name = "Length"; Value = "35.56mm"; VariantName = "[No Variations]"
Add component (AddParameter): Name = "Manufacturer"; Value = "Samtec"; VariantName = "[No Variations]"
Add component (AddParameter): Name = "Manufacturer Part Number"; Value = "BCS-114-L-S-TE"; VariantName = "[No Variations]"
Add component (AddParameter): Name = "Max Current Rating"; Value = "5.9A"; VariantName = "[No Variations]"
Add component (AddParameter): Name = "Max Operating Temperature"; Value = "125°C"; VariantName = "[No Variations]"
Add component (AddParameter): Name = "Max Voltage Rating (AC)"; Value = "475V"; VariantName = "[No Variations]"
Add component (AddParameter): Name = "Min Operating Temperature"; Value = "-55°C"; VariantName = "[No Variations]"
Add component (AddParameter): Name = "Mount"; Value = "Through Hole"; VariantName = "[No Variations]"
Add component (AddParameter): Name = "Number of Contacts"; Value = "14"; VariantName = "[No Variations]"
Add component (AddParameter): Name = "Number of Positions"; Value = "14"; VariantName = "[No Variations]"
Add component (AddParameter): Name = "Number of Rows"; Value = "1"; VariantName = "[No Variations]"
Add component (AddParameter): Name = "Orientation"; Value = "Vertical"; VariantName = "[No Variations]"
Add component (AddParameter): Name = "Package Quantity"; Value = "1"; VariantName = "[No Variations]"
Add component (AddParameter): Name = "Packaging"; Value = "Bulk"; VariantName = "[No Variations]"
Add component (AddParameter): Name = "Pitch"; Value = "2.54mm"; VariantName = "[No Variations]"
Add component (AddParameter): Name = "Radiation Hardening"; Value = "No"; VariantName = "[No Variations]"
Add component (AddParameter): Name = "REACH SVHC"; Value = "No SVHC"; VariantName = "[No Variations]"
Add component (AddParameter): Name = "RoHS"; Value = "Yes"; VariantName = "[No Variations]"
Add component (AddParameter): Name = "RoHS Compliant"; Value = "Yes"; VariantName = "[No Variations]"
Add component (AddParameter): Name = "Series"; Value = "Tiger Claw™ BCS"; VariantName = "[No Variations]"
Add component (AddParameter): Name = "Stock 1"; Value = "1"; VariantName = "[No Variations]"
Add component (AddParameter): Name = "Supplier 1"; Value = "RSComponents"; VariantName = "[No Variations]"
Add component (AddParameter): Name = "Supplier Part Number 1"; Value = "7666525"; VariantName = "[No Variations]"
Add component (AddParameter): Name = "Termination"; Value = "Solder"; VariantName = "[No Variations]"
Add component (AddParameter): Name = "Voltage Rating"; Value = "475V"; VariantName = "[No Variations]"
Add Component: Footprint Not Found RESC6432X120N
Add Component: Footprint Not Found RESC6432X120N
Add Component: Footprint Not Found RESC6432X120N
Add Pin To Net: Unknown Pin: Pin C31-1
Add Pin To Net: Unknown Pin: Pin C31-2
Add Pin To Net: Unknown Pin: Pin C32-1
Add Pin To Net: Unknown Pin: Pin C32-2
Add Pin To Net: Unknown Pin: Pin C39-1
Add Pin To Net: Unknown Pin: Pin C39-2
Add Pin To Net: Unknown Pin: Pin C40-1
Add Pin To Net: Unknown Pin: Pin C40-2
Add Pin To Net: Unknown Pin: Pin C41-1
Add Pin To Net: Unknown Pin: Pin C41-2
Add Pin To Net: Unknown Pin: Pin C42-1
Add Pin To Net: Unknown Pin: Pin C42-2
Added Pin To Net: NetName=GND Pin=IC1-2
Added Pin To Net: NetName=3V3_uC Pin=IC1-3
Added Pin To Net: NetName=I2C2_SMBA Pin=J9-1
Added Pin To Net: NetName=I2C2_SCL Pin=J9-2
Added Pin To Net: NetName=I2C2_SDA Pin=J9-3
Added Pin To Net: NetName=CANH Pin=J9-10
Added Pin To Net: NetName=CANL Pin=J9-11
Added Pin To Net: NetName=NRST Pin=J9-12
Add Pin To Net: Unknown Pin: Pin J10-+
Add Pin To Net: Unknown Pin: Pin J10--
Add Pin To Net: Unknown Pin: Pin R5-1
Add Pin To Net: Unknown Pin: Pin R5-2
Add Pin To Net: Unknown Pin: Pin R6-1
Add Pin To Net: Unknown Pin: Pin R6-2
Add Pin To Net: Unknown Pin: Pin R7-1
Add Pin To Net: Unknown Pin: Pin R7-2
Add Pin To Net: Unknown Pin: Pin R8-1
Add Pin To Net: Unknown Pin: Pin R8-2
Add Pin To Net: Unknown Pin: Pin R10-2
Add Pin To Net: Unknown Pin: Pin R15-2
Add Pin To Net: Unknown Pin: Pin R16-2
Add Pin To Net: Unknown Pin: Pin R48-1
Add Pin To Net: Unknown Pin: Pin R48-2
Add Pin To Net: Unknown Pin: Pin R49-1
Add Pin To Net: Unknown Pin: Pin R49-2
Add Pin To Net: Unknown Pin: Pin U2-1
Add Pin To Net: Unknown Pin: Pin U2-2
Add Pin To Net: Unknown Pin: Pin U2-3
Add Pin To Net: Unknown Pin: Pin U2-4
Add Pin To Net: Unknown Pin: Pin U2-5
Add Pin To Net: Unknown Pin: Pin U2-6
Add Pin To Net: Unknown Pin: Pin U2-7
Add Pin To Net: Unknown Pin: Pin U2-8
Add Pin To Net: Unknown Pin: Pin U2-9
Add Pin To Net: Unknown Pin: Pin U2-10
Add Pin To Net: Unknown Pin: Pin U2-11
Add Pin To Net: Unknown Pin: Pin U2-12
Add Pin To Net: Unknown Pin: Pin U2-13
Add Pin To Net: Unknown Pin: Pin U2-14
Add Pin To Net: Unknown Pin: Pin U2-15
Add Pin To Net: Unknown Pin: Pin U2-16
Add Pin To Net: Unknown Pin: Pin U3-2
Add Pin To Net: Unknown Pin: Pin U3-3
Add Pin To Net: Unknown Pin: Pin U3-5
Added Pin To Net: NetName=I2C2_SDA Pin=U4-10
Added Pin To Net: NetName=I2C2_SCL Pin=U4-11
Added Pin To Net: NetName=I2C2_SMBA Pin=U4-12
Added Pin To Net: NetName=NB_RI Pin=U4-73
Added Pin To Net: NetName=NB_NET_STATUS Pin=U4-74
Added Pin To Net: NetName=NB_RST Pin=U4-75
Added Pin To Net: NetName=NB_PWRKEY Pin=U4-76
Added Pin To Net: NetName=SPI3_CS Pin=U4-93
Added Pin To Net: NetName=SPI3_MOSI Pin=U4-126
Add Pin To Net: Unknown Pin: Pin U6-2
Add Pin To Net: Unknown Pin: Pin U6-3
Add Pin To Net: Unknown Pin: Pin U6-4
Add Pin To Net: Unknown Pin: Pin U6-5
Add Pin To Net: Unknown Pin: Pin U6-6
Add Pin To Net: Unknown Pin: Pin U6-7
Add Pin To Net: Unknown Pin: Pin U7-1
Add Pin To Net: Unknown Pin: Pin U7-2
Add Pin To Net: Unknown Pin: Pin U7-3
Add Pin To Net: Unknown Pin: Pin U7-4
Add Pin To Net: Unknown Pin: Pin U7-5
Add Pin To Net: Unknown Pin: Pin U7-6
Add Pin To Net: Unknown Pin: Pin U7-7
Add Pin To Net: Unknown Pin: Pin U7-8
Add Pin To Net: Unknown Pin: Pin U7-9
Add Pin To Net: Unknown Pin: Pin U7-12
Add Pin To Net: Unknown Pin: Pin U7-13
Add Pin To Net: Unknown Pin: Pin U7-14
Add Pin To Net: Unknown Pin: Pin U12-1
Add Pin To Net: Unknown Pin: Pin U12-2
Add Pin To Net: Unknown Pin: Pin U12-3
Add Pin To Net: Unknown Pin: Pin U12-4
Add Pin To Net: Unknown Pin: Pin U12-5
Add Pin To Net: Unknown Pin: Pin U12-6
Add Pin To Net: Unknown Pin: Pin U12-7
Add Pin To Net: Unknown Pin: Pin X2-1
Add Pin To Net: Unknown Pin: Pin X2-2
Add Pin To Net: Unknown Pin: Pin X2-3
Add Pin To Net: Unknown Pin: Pin X2-4
Added Pin To Net: NetName=DCMI_D0 Pin=J4-1
Added Pin To Net: NetName=DCMI_D0 Pin=U4-96
Added Net: Name=DCMI_D0
Added Pin To Net: NetName=DCMI_D1 Pin=J4-3
Added Pin To Net: NetName=DCMI_D1 Pin=U4-97
Added Net: Name=DCMI_D1
Added Pin To Net: NetName=DCMI_D2 Pin=J4-5
Added Pin To Net: NetName=DCMI_D2 Pin=U4-141
Added Net: Name=DCMI_D2
Added Pin To Net: NetName=DCMI_D3 Pin=J4-7
Added Pin To Net: NetName=DCMI_D3 Pin=U4-142
Added Net: Name=DCMI_D3
Added Pin To Net: NetName=DCMI_D4 Pin=J4-9
Added Pin To Net: NetName=DCMI_D4 Pin=U4-3
Added Net: Name=DCMI_D4
Added Pin To Net: NetName=DCMI_D5 Pin=J4-11
Added Pin To Net: NetName=DCMI_D5 Pin=U4-117
Added Net: Name=DCMI_D5
Added Pin To Net: NetName=DCMI_D6 Pin=J4-13
Added Pin To Net: NetName=DCMI_D6 Pin=U4-4
Added Net: Name=DCMI_D6
Added Pin To Net: NetName=DCMI_D7 Pin=J4-15
Added Pin To Net: NetName=DCMI_D7 Pin=U4-5
Added Net: Name=DCMI_D7
Added Pin To Net: NetName=DCMI_HSYNC Pin=J4-17
Added Pin To Net: NetName=DCMI_HSYNC Pin=U4-77
Added Net: Name=DCMI_HSYNC
Added Pin To Net: NetName=DCMI_PIXCLK Pin=J4-21
Added Pin To Net: NetName=DCMI_PIXCLK Pin=U4-42
Added Net: Name=DCMI_PIXCLK
Added Pin To Net: NetName=DCMI_VSYNC Pin=J4-19
Added Pin To Net: NetName=DCMI_VSYNC Pin=U4-137
Added Net: Name=DCMI_VSYNC
Added Pin To Net: NetName=GPIO0 Pin=J8-14
Added Pin To Net: NetName=GPIO0 Pin=U4-56
Added Net: Name=GPIO0
Added Pin To Net: NetName=GPIO1 Pin=J8-13
Added Pin To Net: NetName=GPIO1 Pin=U4-57
Added Net: Name=GPIO1
Added Pin To Net: NetName=I2C1_SCL Pin=R19-1
Added Pin To Net: NetName=I2C1_SCL Pin=U4-129
Added Net: Name=I2C1_SCL
Added Pin To Net: NetName=I2C1_SDA Pin=R12-1
Added Pin To Net: NetName=I2C1_SDA Pin=U4-128
Added Net: Name=I2C1_SDA
Added Pin To Net: NetName=I2C1_SMBA Pin=R11-1
Added Pin To Net: NetName=I2C1_SMBA Pin=U4-132
Added Net: Name=I2C1_SMBA
Added Net: Name=NetR10_1
Added Net: Name=NetR15_1
Added Net: Name=NetR16_1
Added Pin To Net: NetName=OCTOSPIM_P1_CLK Pin=J8-2
Added Pin To Net: NetName=OCTOSPIM_P1_CLK Pin=U4-22
Added Net: Name=OCTOSPIM_P1_CLK
Added Pin To Net: NetName=OCTOSPIM_P1_IO0 Pin=J8-3
Added Pin To Net: NetName=OCTOSPIM_P1_IO0 Pin=U4-20
Added Net: Name=OCTOSPIM_P1_IO0
Added Pin To Net: NetName=OCTOSPIM_P1_IO1 Pin=J8-4
Added Pin To Net: NetName=OCTOSPIM_P1_IO1 Pin=U4-21
Added Net: Name=OCTOSPIM_P1_IO1
Added Pin To Net: NetName=OCTOSPIM_P1_IO2 Pin=J8-5
Added Pin To Net: NetName=OCTOSPIM_P1_IO2 Pin=U4-19
Added Net: Name=OCTOSPIM_P1_IO2
Added Pin To Net: NetName=OCTOSPIM_P1_IO3 Pin=J8-6
Added Pin To Net: NetName=OCTOSPIM_P1_IO3 Pin=U4-18
Added Net: Name=OCTOSPIM_P1_IO3
Added Pin To Net: NetName=OCTOSPIM_P1_NCS Pin=J8-1
Added Pin To Net: NetName=OCTOSPIM_P1_NCS Pin=U4-64
Added Net: Name=OCTOSPIM_P1_NCS
Added Pin To Net: NetName=SAI1_FS_A Pin=J9-8
Added Pin To Net: NetName=SAI1_FS_A Pin=U4-101
Added Net: Name=SAI1_FS_A
Added Pin To Net: NetName=SAI1_FS_B Pin=J9-4
Added Pin To Net: NetName=SAI1_FS_B Pin=U4-60
Added Net: Name=SAI1_FS_B
Added Pin To Net: NetName=SAI1_SCK_A Pin=J9-7
Added Pin To Net: NetName=SAI1_SCK_A Pin=U4-100
Added Net: Name=SAI1_SCK_A
Added Pin To Net: NetName=SAI1_SCK_B Pin=J9-5
Added Pin To Net: NetName=SAI1_SCK_B Pin=U4-59
Added Net: Name=SAI1_SCK_B
Added Pin To Net: NetName=SAI1_SD_A Pin=J9-9
Added Pin To Net: NetName=SAI1_SD_A Pin=U4-122
Added Net: Name=SAI1_SD_A
Added Pin To Net: NetName=SAI1_SD_B Pin=J9-6
Added Pin To Net: NetName=SAI1_SD_B Pin=U4-2
Added Net: Name=SAI1_SD_B
Added Pin To Net: NetName=SPI1_MISO Pin=J8-9
Added Pin To Net: NetName=SPI1_MISO Pin=U4-67
Added Net: Name=SPI1_MISO
Added Pin To Net: NetName=SPI1_MOSI Pin=J8-10
Added Pin To Net: NetName=SPI1_MOSI Pin=U4-68
Added Net: Name=SPI1_MOSI
Added Pin To Net: NetName=SPI1_SCK Pin=J8-11
Added Pin To Net: NetName=SPI1_SCK Pin=U4-41
Added Net: Name=SPI1_SCK
Added Pin To Net: NetName=SPI_CS Pin=J8-12
Added Pin To Net: NetName=SPI_CS Pin=U4-40
Added Net: Name=SPI_CS
Added Pin To Net: NetName=USART2_RX Pin=J8-8
Added Pin To Net: NetName=USART2_RX Pin=U4-37
Added Net: Name=USART2_RX
Added Pin To Net: NetName=USART2_TX Pin=J8-7
Added Pin To Net: NetName=USART2_TX Pin=U4-36
Added Net: Name=USART2_TX
Add Class Member: Failed to add class member : Component C31 15pF
Add Class Member: Failed to add class member : Component C32 15pF
Add Class Member: Failed to add class member : Component C39 33pF
Add Class Member: Failed to add class member : Component C40 33pF
Add Class Member: Failed to add class member : Component C41 33pF
Add Class Member: Failed to add class member : Component C42 33pF
Added Member To Class: ClassName=connectors Member=Component IC2 SST25PF040C-40V_SN
Added Member To Class: ClassName=mcu_v1 Member=Component J4 1-1734248-2
Added Member To Class: ClassName=mcu_v1 Member=Component J8 Female_Sockets
Add Class Member: Failed to add class member : Component R5 604
Add Class Member: Failed to add class member : Component R6 604
Add Class Member: Failed to add class member : Component R7 604
Add Class Member: Failed to add class member : Component R8 604
Add Class Member: Failed to add class member : Component R10 51K
Add Class Member: Failed to add class member : Component R15 51K
Add Class Member: Failed to add class member : Component R16 51K
Add Class Member: Failed to add class member : Component R48 15K
Add Class Member: Failed to add class member : Component R49 10
Add Class Member: Failed to add class member : Component U2 IIS2ICLXTR (Digital Accel.)
Add Class Member: Failed to add class member : Component U3 STTS751(Temperature)
Add Class Member: Failed to add class member : Component U6 Voltage-Translator
Add Class Member: Failed to add class member : Component U7 LSM6DSRXTR
Add Class Member: Failed to add class member : Component U12 Voltage-Translator
Add Class Member: Failed to add class member : Component X2 ABM3B-16.000MHZ-10-1-U-T
