Added Component: Designator=C14(CAPC1608X87N)
Add component (AddParameter): Name = "Datasheet Link"; Value = "https://katalog.we-online.com/pbs/datasheet/885012206071.pdf"; VariantName = "[No Variations]"
Add component (AddParameter): Name = "Height"; Value = "0.87mm"; VariantName = "[No Variations]"
Add component (AddParameter): Name = "Manufacturer_Name"; Value = "Wurth Elektronik"; VariantName = "[No Variations]"
Add component (AddParameter): Name = "Manufacturer_Part_Number"; Value = "885012206071"; VariantName = "[No Variations]"
Add component (AddParameter): Name = "Mouser2 Part Number"; Value = ""; VariantName = "[No Variations]"
Add component (AddParameter): Name = "Mouser2 Price/Stock"; Value = ""; VariantName = "[No Variations]"
Added Component: Designator=C15(CAPC1608X87N)
Add component (AddParameter): Name = "Datasheet Link"; Value = "https://katalog.we-online.com/pbs/datasheet/885012206071.pdf"; VariantName = "[No Variations]"
Add component (AddParameter): Name = "Height"; Value = "0.87mm"; VariantName = "[No Variations]"
Add component (AddParameter): Name = "Manufacturer_Name"; Value = "Wurth Elektronik"; VariantName = "[No Variations]"
Add component (AddParameter): Name = "Manufacturer_Part_Number"; Value = "885012206071"; VariantName = "[No Variations]"
Add component (AddParameter): Name = "Mouser2 Part Number"; Value = ""; VariantName = "[No Variations]"
Add component (AddParameter): Name = "Mouser2 Price/Stock"; Value = ""; VariantName = "[No Variations]"
Added Component: Designator=C16(CAPC1608X87N)
Add component (AddParameter): Name = "Datasheet Link"; Value = "https://katalog.we-online.com/pbs/datasheet/885012206071.pdf"; VariantName = "[No Variations]"
Add component (AddParameter): Name = "Height"; Value = "0.87mm"; VariantName = "[No Variations]"
Add component (AddParameter): Name = "Manufacturer_Name"; Value = "Wurth Elektronik"; VariantName = "[No Variations]"
Add component (AddParameter): Name = "Manufacturer_Part_Number"; Value = "885012206071"; VariantName = "[No Variations]"
Add component (AddParameter): Name = "Mouser2 Part Number"; Value = ""; VariantName = "[No Variations]"
Add component (AddParameter): Name = "Mouser2 Price/Stock"; Value = ""; VariantName = "[No Variations]"
Added Component: Designator=C17(CAPC1608X87N)
Add component (AddParameter): Name = "Datasheet Link"; Value = "https://katalog.we-online.com/pbs/datasheet/885012206071.pdf"; VariantName = "[No Variations]"
Add component (AddParameter): Name = "Height"; Value = "0.87mm"; VariantName = "[No Variations]"
Add component (AddParameter): Name = "Manufacturer_Name"; Value = "Wurth Elektronik"; VariantName = "[No Variations]"
Add component (AddParameter): Name = "Manufacturer_Part_Number"; Value = "885012206071"; VariantName = "[No Variations]"
Add component (AddParameter): Name = "Mouser2 Part Number"; Value = ""; VariantName = "[No Variations]"
Add component (AddParameter): Name = "Mouser2 Price/Stock"; Value = ""; VariantName = "[No Variations]"
Added Component: Designator=C18(CAPC1608X87N)
Add component (AddParameter): Name = "Datasheet Link"; Value = "https://katalog.we-online.com/pbs/datasheet/885012206071.pdf"; VariantName = "[No Variations]"
Add component (AddParameter): Name = "Height"; Value = "0.87mm"; VariantName = "[No Variations]"
Add component (AddParameter): Name = "Manufacturer_Name"; Value = "Wurth Elektronik"; VariantName = "[No Variations]"
Add component (AddParameter): Name = "Manufacturer_Part_Number"; Value = "885012206071"; VariantName = "[No Variations]"
Add component (AddParameter): Name = "Mouser2 Part Number"; Value = ""; VariantName = "[No Variations]"
Add component (AddParameter): Name = "Mouser2 Price/Stock"; Value = ""; VariantName = "[No Variations]"
Added Component: Designator=C19(CAPC1608X87N)
Add component (AddParameter): Name = "Datasheet Link"; Value = "https://katalog.we-online.com/pbs/datasheet/885012206071.pdf"; VariantName = "[No Variations]"
Add component (AddParameter): Name = "Height"; Value = "0.87mm"; VariantName = "[No Variations]"
Add component (AddParameter): Name = "Manufacturer_Name"; Value = "Wurth Elektronik"; VariantName = "[No Variations]"
Add component (AddParameter): Name = "Manufacturer_Part_Number"; Value = "885012206071"; VariantName = "[No Variations]"
Add component (AddParameter): Name = "Mouser2 Part Number"; Value = ""; VariantName = "[No Variations]"
Add component (AddParameter): Name = "Mouser2 Price/Stock"; Value = ""; VariantName = "[No Variations]"
Added Component: Designator=C20(CAPC1608X87N)
Add component (AddParameter): Name = "Datasheet Link"; Value = "https://katalog.we-online.com/pbs/datasheet/885012206071.pdf"; VariantName = "[No Variations]"
Add component (AddParameter): Name = "Height"; Value = "0.87mm"; VariantName = "[No Variations]"
Add component (AddParameter): Name = "Manufacturer_Name"; Value = "Wurth Elektronik"; VariantName = "[No Variations]"
Add component (AddParameter): Name = "Manufacturer_Part_Number"; Value = "885012206071"; VariantName = "[No Variations]"
Add component (AddParameter): Name = "Mouser2 Part Number"; Value = ""; VariantName = "[No Variations]"
Add component (AddParameter): Name = "Mouser2 Price/Stock"; Value = ""; VariantName = "[No Variations]"
Added Component: Designator=C21(CAPC1608X87N)
Add component (AddParameter): Name = "Datasheet Link"; Value = "https://katalog.we-online.com/pbs/datasheet/885012206071.pdf"; VariantName = "[No Variations]"
Add component (AddParameter): Name = "Height"; Value = "0.87mm"; VariantName = "[No Variations]"
Add component (AddParameter): Name = "Manufacturer_Name"; Value = "Wurth Elektronik"; VariantName = "[No Variations]"
Add component (AddParameter): Name = "Manufacturer_Part_Number"; Value = "885012206071"; VariantName = "[No Variations]"
Add component (AddParameter): Name = "Mouser2 Part Number"; Value = ""; VariantName = "[No Variations]"
Add component (AddParameter): Name = "Mouser2 Price/Stock"; Value = ""; VariantName = "[No Variations]"
Added Component: Designator=C22(CAPC1608X87N)
Add component (AddParameter): Name = "Datasheet Link"; Value = "https://katalog.we-online.com/pbs/datasheet/885012206071.pdf"; VariantName = "[No Variations]"
Add component (AddParameter): Name = "Height"; Value = "0.87mm"; VariantName = "[No Variations]"
Add component (AddParameter): Name = "Manufacturer_Name"; Value = "Wurth Elektronik"; VariantName = "[No Variations]"
Add component (AddParameter): Name = "Manufacturer_Part_Number"; Value = "885012206071"; VariantName = "[No Variations]"
Add component (AddParameter): Name = "Mouser2 Part Number"; Value = ""; VariantName = "[No Variations]"
Add component (AddParameter): Name = "Mouser2 Price/Stock"; Value = ""; VariantName = "[No Variations]"
Added Component: Designator=C23(CAPC3216X100N)
Add component (AddParameter): Name = "Datasheet Link"; Value = "https://connect.kemet.com:7667/gateway/IntelliData-ComponentDocumentation/1.0/download/specsheet/C1206C224J1RACAUTO"; VariantName = "[No Variations]"
Add component (AddParameter): Name = "Height"; Value = "1mm"; VariantName = "[No Variations]"
Add component (AddParameter): Name = "Manufacturer_Name"; Value = "Kemet"; VariantName = "[No Variations]"
Add component (AddParameter): Name = "Manufacturer_Part_Number"; Value = "C1206C224J1RACAUTO"; VariantName = "[No Variations]"
Add component (AddParameter): Name = "Mouser2 Part Number"; Value = ""; VariantName = "[No Variations]"
Add component (AddParameter): Name = "Mouser2 Price/Stock"; Value = ""; VariantName = "[No Variations]"
Added Component: Designator=U4(QFP50P2200X2200X160-144N)
Add component (AddParameter): Name = "Case/Package"; Value = "LQFP"; VariantName = "[No Variations]"
Add component (AddParameter): Name = "Category"; Value = "Microcontrollers"; VariantName = "[No Variations]"
Add component (AddParameter): Name = "ComponentLink1Description"; Value = "http://www.farnell.com/datasheets/2602789.pdf?src-supplier=Farnell"; VariantName = "[No Variations]"
Add component (AddParameter): Name = "ComponentLink1URL"; Value = "http://www.farnell.com/datasheets/2602789.pdf?src-supplier=Farnell"; VariantName = "[No Variations]"
Add component (AddParameter): Name = "ComponentLink2Description"; Value = "http://www.st.com/content/ccc/resource/technical/document/datasheet/group3/3f/73/19/d1/d4/9e/48/34/DM00284211/files/DM00284211.pdf/jcr:content/translations/en.DM00284211.pdf?src-supplier=Digi-Key"; VariantName = "[No Variations]"
Add component (AddParameter): Name = "ComponentLink2URL"; Value = "http://www.st.com/content/ccc/resource/technical/document/datasheet/group3/3f/73/19/d1/d4/9e/48/34/DM00284211/files/DM00284211.pdf/jcr:content/translations/en.DM00284211.pdf?src-supplier=Digi-Key"; VariantName = "[No Variations]"
Add component (AddParameter): Name = "ComponentLink3Description"; Value = "http://www.farnell.com/datasheets/2602789.pdf?src-supplier=Newark"; VariantName = "[No Variations]"
Add component (AddParameter): Name = "ComponentLink3URL"; Value = "http://www.farnell.com/datasheets/2602789.pdf?src-supplier=Newark"; VariantName = "[No Variations]"
Add component (AddParameter): Name = "Core Architecture"; Value = "ARM"; VariantName = "[No Variations]"
Add component (AddParameter): Name = "Frequency"; Value = "80MHz"; VariantName = "[No Variations]"
Add component (AddParameter): Name = "Interface"; Value = "I2C,SPI,USB,IrDA,MMC,SD,UART,USART,EBI/EMI"; VariantName = "[No Variations]"
Add component (AddParameter): Name = "Manufacturer"; Value = "STMicroelectronics"; VariantName = "[No Variations]"
Add component (AddParameter): Name = "Manufacturer Part Number"; Value = "STM32L496ZGT6P"; VariantName = "[No Variations]"
Add component (AddParameter): Name = "Max Operating Temperature"; Value = "85°C"; VariantName = "[No Variations]"
Add component (AddParameter): Name = "Memory Size"; Value = "1MB"; VariantName = "[No Variations]"
Add component (AddParameter): Name = "Memory Type"; Value = "FLASH"; VariantName = "[No Variations]"
Add component (AddParameter): Name = "Min Operating Temperature"; Value = "-40°C"; VariantName = "[No Variations]"
Add component (AddParameter): Name = "Number of I/Os"; Value = "115"; VariantName = "[No Variations]"
Add component (AddParameter): Name = "Oscillator Type"; Value = "Internal"; VariantName = "[No Variations]"
Add component (AddParameter): Name = "Packaging"; Value = "Tray"; VariantName = "[No Variations]"
Add component (AddParameter): Name = "Peripherals"; Value = "Brown-out Detect/Reset,PWM,WDT,DMA,LCD"; VariantName = "[No Variations]"
Add component (AddParameter): Name = "RoHS"; Value = "Yes"; VariantName = "[No Variations]"
Add component (AddParameter): Name = "Supplier 1"; Value = "Digi-Key"; VariantName = "[No Variations]"
Add component (AddParameter): Name = "Supplier Part Number 1"; Value = "497-17999-ND"; VariantName = "[No Variations]"
Added Pin To Net: NetName=NetC6_2 Pin=C14-1
Added Pin To Net: NetName=GND Pin=C14-2
Added Pin To Net: NetName=NetC6_2 Pin=C15-1
Added Pin To Net: NetName=GND Pin=C15-2
Added Pin To Net: NetName=NetC6_2 Pin=C16-1
Added Pin To Net: NetName=GND Pin=C16-2
Added Pin To Net: NetName=NetC6_2 Pin=C17-1
Added Pin To Net: NetName=GND Pin=C17-2
Added Pin To Net: NetName=NetC6_2 Pin=C18-1
Added Pin To Net: NetName=GND Pin=C18-2
Added Pin To Net: NetName=NetC6_2 Pin=C19-1
Added Pin To Net: NetName=GND Pin=C19-2
Added Pin To Net: NetName=NetC6_2 Pin=C20-1
Added Pin To Net: NetName=GND Pin=C20-2
Added Pin To Net: NetName=NetC6_2 Pin=C21-1
Added Pin To Net: NetName=GND Pin=C21-2
Added Pin To Net: NetName=NetC6_2 Pin=C22-1
Added Pin To Net: NetName=GND Pin=C22-2
Added Pin To Net: NetName=NetC6_2 Pin=C23-1
Added Pin To Net: NetName=GND Pin=C23-2
Added Pin To Net: NetName=NetR2_1 Pin=U4-5
Added Pin To Net: NetName=GND Pin=U4-16
Added Pin To Net: NetName=NetC6_2 Pin=U4-17
Added Pin To Net: NetName=NetC5_1 Pin=U4-26
Added Pin To Net: NetName=NetC4_1 Pin=U4-27
Added Pin To Net: NetName=NetC3_1 Pin=U4-28
Added Pin To Net: NetName=NetU1_5 Pin=U4-29
Added Pin To Net: NetName=GND Pin=U4-38
Added Pin To Net: NetName=NetC6_2 Pin=U4-39
Added Pin To Net: NetName=GND Pin=U4-51
Added Pin To Net: NetName=NetC6_2 Pin=U4-52
Added Pin To Net: NetName=GND Pin=U4-61
Added Pin To Net: NetName=NetC6_2 Pin=U4-62
Added Pin To Net: NetName=NetR14_1 Pin=U4-67
Added Pin To Net: NetName=NetR13_1 Pin=U4-68
Added Pin To Net: NetName=GND Pin=U4-71
Added Pin To Net: NetName=NetC6_2 Pin=U4-72
Added Pin To Net: NetName=GND Pin=U4-83
Added Pin To Net: NetName=NetC6_2 Pin=U4-84
Added Pin To Net: NetName=GND Pin=U4-94
Added Pin To Net: NetName=GND Pin=U4-107
Added Pin To Net: NetName=NetC6_2 Pin=U4-108
Added Pin To Net: NetName=GND Pin=U4-120
Added Pin To Net: NetName=NetC6_2 Pin=U4-121
Added Pin To Net: NetName=GND Pin=U4-130
Added Pin To Net: NetName=GND Pin=U4-143
Added Pin To Net: NetName=NetC6_2 Pin=U4-144
Added Pin To Net: NetName=NetR8_1 Pin=R8-1
Added Pin To Net: NetName=NetR8_1 Pin=U4-10
Added Net: Name=NetR8_1
Added Pin To Net: NetName=NetR10_1 Pin=R10-1
Added Pin To Net: NetName=NetR10_1 Pin=U4-11
Added Net: Name=NetR10_1
Added Pin To Net: NetName=NetR15_1 Pin=R15-1
Added Pin To Net: NetName=NetR15_1 Pin=U4-74
Added Net: Name=NetR15_1
Added Pin To Net: NetName=NetR16_1 Pin=R16-1
Added Pin To Net: NetName=NetR16_1 Pin=U4-69
Added Net: Name=NetR16_1
Added Pin To Net: NetName=NetR17_1 Pin=R17-1
Added Pin To Net: NetName=NetR17_1 Pin=U4-76
Added Net: Name=NetR17_1
Added Pin To Net: NetName=NetR18_1 Pin=R18-1
Added Pin To Net: NetName=NetR18_1 Pin=U4-75
Added Net: Name=NetR18_1
Added Pin To Net: NetName=NetU4_6 Pin=U4-6
Added Net: Name=NetU4_6
Added Pin To Net: NetName=NetU4_8 Pin=U4-8
Added Net: Name=NetU4_8
Added Pin To Net: NetName=NetU4_9 Pin=U4-9
Added Net: Name=NetU4_9
Added Pin To Net: NetName=NetU4_23 Pin=U4-23
Added Net: Name=NetU4_23
Added Pin To Net: NetName=NetU4_24 Pin=U4-24
Added Net: Name=NetU4_24
Added Pin To Net: NetName=NetU4_25 Pin=U4-25
Added Net: Name=NetU4_25
Added Pin To Net: NetName=NetU4_31 Pin=U4-31
Added Net: Name=NetU4_31
Added Pin To Net: NetName=NetU4_32 Pin=U4-32
Added Net: Name=NetU4_32
Added Pin To Net: NetName=NetU4_33 Pin=U4-33
Added Net: Name=NetU4_33
Added Pin To Net: NetName=NetU4_34 Pin=U4-34
Added Net: Name=NetU4_34
Added Pin To Net: NetName=NetU4_35 Pin=U4-35
Added Net: Name=NetU4_35
Added Pin To Net: NetName=NetU4_36 Pin=U4-36
Added Net: Name=NetU4_36
Added Pin To Net: NetName=NetU4_37 Pin=U4-37
Added Net: Name=NetU4_37
Added Pin To Net: NetName=NetU4_44 Pin=U4-44
Added Net: Name=NetU4_44
Added Pin To Net: NetName=NetU4_45 Pin=U4-45
Added Net: Name=NetU4_45
Added Pin To Net: NetName=NetU4_70 Pin=U4-70
Added Pin To Net: NetName=NetU4_70 Pin=U4-142
Added Net: Name=NetU4_70
Added Pin To Net: NetName=NetU4_79 Pin=U4-79
Added Net: Name=NetU4_79
Added Pin To Net: NetName=NetU4_80 Pin=U4-80
Added Net: Name=NetU4_80
Added Pin To Net: NetName=NetU4_81 Pin=U4-81
Added Net: Name=NetU4_81
Added Pin To Net: NetName=NetU4_82 Pin=U4-82
Added Net: Name=NetU4_82
Added Pin To Net: NetName=NetU4_95 Pin=U4-95
Added Pin To Net: NetName=NetU4_95 Pin=U4-131
Added Net: Name=NetU4_95
Added Pin To Net: NetName=NetU4_98 Pin=U4-98
Added Net: Name=NetU4_98
Added Pin To Net: NetName=NetU4_99 Pin=U4-99
Added Net: Name=NetU4_99
Added Pin To Net: NetName=NetU4_105 Pin=U4-105
Added Net: Name=NetU4_105
Added Pin To Net: NetName=NetU4_106 Pin=U4-106
Added Net: Name=NetU4_106
Added Pin To Net: NetName=NetU4_109 Pin=U4-109
Added Net: Name=NetU4_109
Added Pin To Net: NetName=NetU4_110 Pin=U4-110
Added Net: Name=NetU4_110
Added Pin To Net: NetName=NetU4_111 Pin=U4-111
Added Net: Name=NetU4_111
Added Pin To Net: NetName=NetU4_112 Pin=U4-112
Added Net: Name=NetU4_112
Added Pin To Net: NetName=NetU4_113 Pin=U4-113
Added Net: Name=NetU4_113
Added Pin To Net: NetName=NetU4_116 Pin=U4-116
Added Net: Name=NetU4_116
Added Pin To Net: NetName=NetU4_128 Pin=U4-128
Added Net: Name=NetU4_128
Added Pin To Net: NetName=NetU4_129 Pin=U4-129
Added Net: Name=NetU4_129
Added Pin To Net: NetName=NetU4_132 Pin=U4-132
Added Net: Name=NetU4_132
Added Pin To Net: NetName=NetU4_133 Pin=U4-133
Added Net: Name=NetU4_133
Added Class: Name=mcu
Added Room: Name=mcu
