Removed Pin From Net: NetName=GND Pin=C54-1
Removed Pin From Net: NetName=GND Pin=R28-1
Removed Pin From Net: NetName=GPIO0 Pin=U4-56
Removed Pin From Net: NetName=GPIO1 Pin=U4-57
Removed Pin From Net: NetName=NB_RI Pin=U4-73
Removed Pin From Net: NetName=NB_NET_STATUS Pin=U4-74
Removed Pin From Net: NetName=NB_RST Pin=U4-75
Removed Pin From Net: NetName=NB_PWRKEY Pin=U4-76
Removed Pin From Net: NetName=DCMI_D5 Pin=U4-117
Removed Member From Class: ClassName=connectors Member=J4
Change Component Designator: OldDesignator=IC2 NewDesignator=U9
Added Component: Designator=C60(CAPC1608X87N)
Add component (AddParameter): Name = "Datasheet Link"; Value = "https://katalog.we-online.com/pbs/datasheet/885012206071.pdf"; VariantName = "[No Variations]"
Add component (AddParameter): Name = "Height"; Value = "0.87mm"; VariantName = "[No Variations]"
Add component (AddParameter): Name = "Manufacturer_Name"; Value = "Wurth Elektronik"; VariantName = "[No Variations]"
Add component (AddParameter): Name = "Manufacturer_Part_Number"; Value = "885012206071"; VariantName = "[No Variations]"
Add component (AddParameter): Name = "Mouser2 Part Number"; Value = ""; VariantName = "[No Variations]"
Add component (AddParameter): Name = "Mouser2 Price/Stock"; Value = ""; VariantName = "[No Variations]"
Added Component: Designator=C61(CAPC1608X87N)
Add component (AddParameter): Name = "Datasheet Link"; Value = "https://katalog.we-online.com/pbs/datasheet/885012206071.pdf"; VariantName = "[No Variations]"
Add component (AddParameter): Name = "Height"; Value = "0.87mm"; VariantName = "[No Variations]"
Add component (AddParameter): Name = "Manufacturer_Name"; Value = "Wurth Elektronik"; VariantName = "[No Variations]"
Add component (AddParameter): Name = "Manufacturer_Part_Number"; Value = "885012206071"; VariantName = "[No Variations]"
Add component (AddParameter): Name = "Mouser2 Part Number"; Value = ""; VariantName = "[No Variations]"
Add component (AddParameter): Name = "Mouser2 Price/Stock"; Value = ""; VariantName = "[No Variations]"
Added Component: Designator=D3(ESDALC6V11U2)
Add component (AddParameter): Name = "Datasheet Link"; Value = "http://www.st.com/web/en/resource/technical/document/datasheet/CD00212838.pdf"; VariantName = "[No Variations]"
Add component (AddParameter): Name = "Height"; Value = "0mm"; VariantName = "[No Variations]"
Add component (AddParameter): Name = "Manufacturer_Name"; Value = "STMicroelectronics"; VariantName = "[No Variations]"
Add component (AddParameter): Name = "Manufacturer_Part_Number"; Value = "ESDALC6V1-1U2"; VariantName = "[No Variations]"
Add component (AddParameter): Name = "Mouser2 Part Number"; Value = ""; VariantName = "[No Variations]"
Add component (AddParameter): Name = "Mouser2 Price/Stock"; Value = ""; VariantName = "[No Variations]"
Add Component: Footprint Not Found BCS-105-XXX-S-TE
Add Component: Footprint Not Found BCS-105-XXX-S-TE
Added Component: Designator=J15(EVPBT1A4A000)
Add component (AddParameter): Name = "ComponentLink1Description"; Value = "https://datasheet.octopart.com/EVP-BT1A4A000-Panasonic-datasheet-150874611.pdf?src-supplier=Allied+Electronics"; VariantName = "[No Variations]"
Add component (AddParameter): Name = "ComponentLink1URL"; Value = "https://datasheet.octopart.com/EVP-BT1A4A000-Panasonic-datasheet-150874611.pdf?src-supplier=Allied+Electronics"; VariantName = "[No Variations]"
Add component (AddParameter): Name = "ComponentLink2Description"; Value = "https://datasheet.octopart.com/EVP-BT1A4A000-Panasonic-datasheet-106547821.pdf?src-supplier=Future+Electronics"; VariantName = "[No Variations]"
Add component (AddParameter): Name = "ComponentLink2URL"; Value = "https://datasheet.octopart.com/EVP-BT1A4A000-Panasonic-datasheet-106547821.pdf?src-supplier=Future+Electronics"; VariantName = "[No Variations]"
Add component (AddParameter): Name = "Manufacturer"; Value = "Panasonic"; VariantName = "[No Variations]"
Add component (AddParameter): Name = "Manufacturer Part Number"; Value = "EVP-BT1A4A000"; VariantName = "[No Variations]"
Add component (AddParameter): Name = "Stock 1"; Value = "1823"; VariantName = "[No Variations]"
Add component (AddParameter): Name = "Supplier 1"; Value = "Digi-Key"; VariantName = "[No Variations]"
Add component (AddParameter): Name = "Supplier Part Number 1"; Value = "10-EVP-BT1A4A000CT-ND"; VariantName = "[No Variations]"
Add Component: Footprint Not Found RESC6432X120N
Add Component: Footprint Not Found RESC6432X120N
Add Component: Footprint Not Found RESC6432X120N
Added Component: Designator=R17(RESC1608X55N)
Add component (AddParameter): Name = "Datasheet Link"; Value = ""; VariantName = "[No Variations]"
Add component (AddParameter): Name = "Height"; Value = "0.55mm"; VariantName = "[No Variations]"
Add component (AddParameter): Name = "Manufacturer_Name"; Value = "YAGEO (PHYCOMP)"; VariantName = "[No Variations]"
Add component (AddParameter): Name = "Manufacturer_Part_Number"; Value = "RC0603FR-070RL"; VariantName = "[No Variations]"
Add component (AddParameter): Name = "Mouser2 Part Number"; Value = ""; VariantName = "[No Variations]"
Add component (AddParameter): Name = "Mouser2 Price/Stock"; Value = ""; VariantName = "[No Variations]"
Add Pin To Net: Unknown Pin: Pin C31-1
Add Pin To Net: Unknown Pin: Pin C31-2
Add Pin To Net: Unknown Pin: Pin C32-1
Add Pin To Net: Unknown Pin: Pin C32-2
Add Pin To Net: Unknown Pin: Pin C39-1
Add Pin To Net: Unknown Pin: Pin C39-2
Add Pin To Net: Unknown Pin: Pin C40-1
Add Pin To Net: Unknown Pin: Pin C40-2
Add Pin To Net: Unknown Pin: Pin C41-1
Add Pin To Net: Unknown Pin: Pin C41-2
Add Pin To Net: Unknown Pin: Pin C42-1
Add Pin To Net: Unknown Pin: Pin C42-2
Added Pin To Net: NetName=GND Pin=C60-1
Added Pin To Net: NetName=3V3_uC Pin=C60-2
Added Pin To Net: NetName=NRST Pin=C61-1
Added Pin To Net: NetName=GND Pin=C61-2
Added Pin To Net: NetName=NRST Pin=D3-1
Added Pin To Net: NetName=GND Pin=D3-2
Add Pin To Net: Unknown Pin: Pin J10-+
Add Pin To Net: Unknown Pin: Pin J10--
Added Pin To Net: NetName=NRST Pin=J15-A1
Added Pin To Net: NetName=GND Pin=J15-A2
Added Pin To Net: NetName=NRST Pin=J15-B1
Added Pin To Net: NetName=GND Pin=J15-B2
Add Pin To Net: Unknown Pin: Pin R5-1
Add Pin To Net: Unknown Pin: Pin R5-2
Add Pin To Net: Unknown Pin: Pin R6-1
Add Pin To Net: Unknown Pin: Pin R6-2
Add Pin To Net: Unknown Pin: Pin R7-1
Add Pin To Net: Unknown Pin: Pin R7-2
Add Pin To Net: Unknown Pin: Pin R8-1
Add Pin To Net: Unknown Pin: Pin R8-2
Add Pin To Net: Unknown Pin: Pin R10-1
Add Pin To Net: Unknown Pin: Pin R10-2
Add Pin To Net: Unknown Pin: Pin R15-1
Add Pin To Net: Unknown Pin: Pin R15-2
Add Pin To Net: Unknown Pin: Pin R16-1
Add Pin To Net: Unknown Pin: Pin R16-2
Added Pin To Net: NetName=GND Pin=R17-1
Add Pin To Net: Unknown Pin: Pin R48-1
Add Pin To Net: Unknown Pin: Pin R48-2
Add Pin To Net: Unknown Pin: Pin R49-1
Add Pin To Net: Unknown Pin: Pin R49-2
Add Pin To Net: Unknown Pin: Pin U2-1
Add Pin To Net: Unknown Pin: Pin U2-2
Add Pin To Net: Unknown Pin: Pin U2-3
Add Pin To Net: Unknown Pin: Pin U2-4
Add Pin To Net: Unknown Pin: Pin U2-5
Add Pin To Net: Unknown Pin: Pin U2-6
Add Pin To Net: Unknown Pin: Pin U2-7
Add Pin To Net: Unknown Pin: Pin U2-8
Add Pin To Net: Unknown Pin: Pin U2-9
Add Pin To Net: Unknown Pin: Pin U2-10
Add Pin To Net: Unknown Pin: Pin U2-11
Add Pin To Net: Unknown Pin: Pin U2-12
Add Pin To Net: Unknown Pin: Pin U2-13
Add Pin To Net: Unknown Pin: Pin U2-14
Add Pin To Net: Unknown Pin: Pin U2-15
Add Pin To Net: Unknown Pin: Pin U2-16
Add Pin To Net: Unknown Pin: Pin U3-1
Add Pin To Net: Unknown Pin: Pin U3-2
Add Pin To Net: Unknown Pin: Pin U3-3
Add Pin To Net: Unknown Pin: Pin U3-4
Add Pin To Net: Unknown Pin: Pin U3-5
Add Pin To Net: Unknown Pin: Pin U3-6
Added Pin To Net: NetName=NB_RI Pin=U4-70
Added Pin To Net: NetName=NB_NET_STATUS Pin=U4-73
Added Pin To Net: NetName=NB_RST Pin=U4-74
Added Pin To Net: NetName=NB_PWRKEY Pin=U4-75
Added Pin To Net: NetName=GPIO0 Pin=U4-91
Added Pin To Net: NetName=GPIO1 Pin=U4-92
Added Pin To Net: NetName=DCMI_D5 Pin=U4-135
Add Pin To Net: Unknown Pin: Pin U6-1
Add Pin To Net: Unknown Pin: Pin U6-2
Add Pin To Net: Unknown Pin: Pin U6-3
Add Pin To Net: Unknown Pin: Pin U6-4
Add Pin To Net: Unknown Pin: Pin U6-5
Add Pin To Net: Unknown Pin: Pin U6-6
Add Pin To Net: Unknown Pin: Pin U6-7
Add Pin To Net: Unknown Pin: Pin U6-8
Add Pin To Net: Unknown Pin: Pin U7-1
Add Pin To Net: Unknown Pin: Pin U7-2
Add Pin To Net: Unknown Pin: Pin U7-3
Add Pin To Net: Unknown Pin: Pin U7-4
Add Pin To Net: Unknown Pin: Pin U7-5
Add Pin To Net: Unknown Pin: Pin U7-6
Add Pin To Net: Unknown Pin: Pin U7-7
Add Pin To Net: Unknown Pin: Pin U7-8
Add Pin To Net: Unknown Pin: Pin U7-9
Add Pin To Net: Unknown Pin: Pin U7-12
Add Pin To Net: Unknown Pin: Pin U7-13
Add Pin To Net: Unknown Pin: Pin U7-14
Added Pin To Net: NetName=GND Pin=U9-4
Added Pin To Net: NetName=3V3_uC Pin=U9-8
Add Pin To Net: Unknown Pin: Pin U12-1
Add Pin To Net: Unknown Pin: Pin U12-2
Add Pin To Net: Unknown Pin: Pin U12-3
Add Pin To Net: Unknown Pin: Pin U12-4
Add Pin To Net: Unknown Pin: Pin U12-5
Add Pin To Net: Unknown Pin: Pin U12-6
Add Pin To Net: Unknown Pin: Pin U12-7
Add Pin To Net: Unknown Pin: Pin U12-8
Add Pin To Net: Unknown Pin: Pin X2-1
Add Pin To Net: Unknown Pin: Pin X2-2
Add Pin To Net: Unknown Pin: Pin X2-3
Add Pin To Net: Unknown Pin: Pin X2-4
Added Pin To Net: NetName=AGND Pin=C54-1
Added Pin To Net: NetName=AGND Pin=R17-2
Added Pin To Net: NetName=AGND Pin=R28-1
Added Pin To Net: NetName=AGND Pin=U4-30
Added Pin To Net: NetName=AGND Pin=U4-31
Added Net: Name=AGND
Added Pin To Net: NetName=HOLD#_FLASH Pin=U4-88
Added Pin To Net: NetName=HOLD#_FLASH Pin=U9-7
Added Net: Name=HOLD#_FLASH
Added Pin To Net: NetName=OCTOSPIM_P2_CLK Pin=U4-14
Added Pin To Net: NetName=OCTOSPIM_P2_CLK Pin=U9-6
Added Net: Name=OCTOSPIM_P2_CLK
Added Pin To Net: NetName=OCTOSPIM_P2_IO4 Pin=U4-56
Added Pin To Net: NetName=OCTOSPIM_P2_IO4 Pin=U9-5
Added Net: Name=OCTOSPIM_P2_IO4
Added Pin To Net: NetName=OCTOSPIM_P2_IO5 Pin=U4-57
Added Pin To Net: NetName=OCTOSPIM_P2_IO5 Pin=U9-2
Added Net: Name=OCTOSPIM_P2_IO5
Added Pin To Net: NetName=OCTOSPIM_P2_NCS Pin=U4-117
Added Pin To Net: NetName=OCTOSPIM_P2_NCS Pin=U9-1
Added Net: Name=OCTOSPIM_P2_NCS
Added Pin To Net: NetName=WP#_FLASH Pin=U4-87
Added Pin To Net: NetName=WP#_FLASH Pin=U9-3
Added Net: Name=WP#_FLASH
Add Class Member: Failed to add class member : Component C31 15pF
Add Class Member: Failed to add class member : Component C32 15pF
Add Class Member: Failed to add class member : Component C39 33pF
Add Class Member: Failed to add class member : Component C40 33pF
Add Class Member: Failed to add class member : Component C41 33pF
Add Class Member: Failed to add class member : Component C42 33pF
Added Member To Class: ClassName=connectors Member=Component C60 100n
Added Member To Class: ClassName=mcu_v1 Member=Component C61 100n
Added Member To Class: ClassName=mcu_v1 Member=Component D3 ESDALC6V1-1U2
Add Class Member: Failed to add class member : Component J13 BCS-105-L-S-TE
Add Class Member: Failed to add class member : Component J14 BCS-105-L-S-TE
Added Member To Class: ClassName=mcu_v1 Member=Component J15 RESET
Add Class Member: Failed to add class member : Component R5 604
Add Class Member: Failed to add class member : Component R6 604
Add Class Member: Failed to add class member : Component R7 604
Add Class Member: Failed to add class member : Component R8 604
Add Class Member: Failed to add class member : Component R10 51K
Add Class Member: Failed to add class member : Component R15 51K
Add Class Member: Failed to add class member : Component R16 51K
Added Member To Class: ClassName=mcu_v1 Member=Component R17 0
Add Class Member: Failed to add class member : Component R48 15K
Add Class Member: Failed to add class member : Component R49 10
Add Class Member: Failed to add class member : Component U2 IIS2ICLXTR (Digital Accel.)
Add Class Member: Failed to add class member : Component U3 STTS751(Temperature)
Add Class Member: Failed to add class member : Component U6 Voltage-Translator
Add Class Member: Failed to add class member : Component U7 LSM6DSRXTR
Add Class Member: Failed to add class member : Component U12 Voltage-Translator
Add Class Member: Failed to add class member : Component X2 ABM3B-16.000MHZ-10-1-U-T
