Removed Pin From Net: NetName=V1p8 Pin=J4-1
Removed Pin From Net: NetName=JTAG_TMS_GAP Pin=J10-2
Removed Pin From Net: NetName=JTAG_TCK_GAP Pin=J10-4
Removed Pin From Net: NetName=JTAG_TDO_GAP Pin=J10-6
Removed Pin From Net: NetName=JTAG_TDI_GAP Pin=J10-8
Removed Pin From Net: NetName=GND Pin=J10-9
Removed Pin From Net: NetName=JTAG_NTRST_GAP Pin=J10-10
Added Component: Designator=R52(RESC3216X51N)
Add component (AddParameter): Name = "Datasheet Link"; Value = "https://www.vishay.com/docs/60160/phpa.pdf"; VariantName = "[No Variations]"
Add component (AddParameter): Name = "Height"; Value = "0.508mm"; VariantName = "[No Variations]"
Add component (AddParameter): Name = "Manufacturer_Name"; Value = "Vishay"; VariantName = "[No Variations]"
Add component (AddParameter): Name = "Manufacturer_Part_Number"; Value = "PHPA1206E3300BST1"; VariantName = "[No Variations]"
Add component (AddParameter): Name = "Mouser2 Part Number"; Value = ""; VariantName = "[No Variations]"
Add component (AddParameter): Name = "Mouser2 Price/Stock"; Value = ""; VariantName = "[No Variations]"
Added Component: Designator=R53(RESC3216X51N)
Add component (AddParameter): Name = "Datasheet Link"; Value = "https://www.vishay.com/docs/60160/phpa.pdf"; VariantName = "[No Variations]"
Add component (AddParameter): Name = "Height"; Value = "0.508mm"; VariantName = "[No Variations]"
Add component (AddParameter): Name = "Manufacturer_Name"; Value = "Vishay"; VariantName = "[No Variations]"
Add component (AddParameter): Name = "Manufacturer_Part_Number"; Value = "PHPA1206E3300BST1"; VariantName = "[No Variations]"
Add component (AddParameter): Name = "Mouser2 Part Number"; Value = ""; VariantName = "[No Variations]"
Add component (AddParameter): Name = "Mouser2 Price/Stock"; Value = ""; VariantName = "[No Variations]"
Added Component: Designator=R54(RESC3216X51N)
Add component (AddParameter): Name = "Datasheet Link"; Value = "https://www.vishay.com/docs/60160/phpa.pdf"; VariantName = "[No Variations]"
Add component (AddParameter): Name = "Height"; Value = "0.508mm"; VariantName = "[No Variations]"
Add component (AddParameter): Name = "Manufacturer_Name"; Value = "Vishay"; VariantName = "[No Variations]"
Add component (AddParameter): Name = "Manufacturer_Part_Number"; Value = "PHPA1206E3300BST1"; VariantName = "[No Variations]"
Add component (AddParameter): Name = "Mouser2 Part Number"; Value = ""; VariantName = "[No Variations]"
Add component (AddParameter): Name = "Mouser2 Price/Stock"; Value = ""; VariantName = "[No Variations]"
Added Component: Designator=R55(RESC3216X51N)
Add component (AddParameter): Name = "Datasheet Link"; Value = "https://www.vishay.com/docs/60160/phpa.pdf"; VariantName = "[No Variations]"
Add component (AddParameter): Name = "Height"; Value = "0.508mm"; VariantName = "[No Variations]"
Add component (AddParameter): Name = "Manufacturer_Name"; Value = "Vishay"; VariantName = "[No Variations]"
Add component (AddParameter): Name = "Manufacturer_Part_Number"; Value = "PHPA1206E3300BST1"; VariantName = "[No Variations]"
Add component (AddParameter): Name = "Mouser2 Part Number"; Value = ""; VariantName = "[No Variations]"
Add component (AddParameter): Name = "Mouser2 Price/Stock"; Value = ""; VariantName = "[No Variations]"
Added Component: Designator=R56(RESC3216X51N)
Add component (AddParameter): Name = "Datasheet Link"; Value = "https://www.vishay.com/docs/60160/phpa.pdf"; VariantName = "[No Variations]"
Add component (AddParameter): Name = "Height"; Value = "0.508mm"; VariantName = "[No Variations]"
Add component (AddParameter): Name = "Manufacturer_Name"; Value = "Vishay"; VariantName = "[No Variations]"
Add component (AddParameter): Name = "Manufacturer_Part_Number"; Value = "PHPA1206E3300BST1"; VariantName = "[No Variations]"
Add component (AddParameter): Name = "Mouser2 Part Number"; Value = ""; VariantName = "[No Variations]"
Add component (AddParameter): Name = "Mouser2 Price/Stock"; Value = ""; VariantName = "[No Variations]"
Add Component: Footprint Not Found ERJ3EK_(0603)
Added Component: Designator=TP1(test_point)
Added Pin To Net: NetName=GND Pin=J4-1
Added Pin To Net: NetName=V1p8 Pin=J5-1
Added Pin To Net: NetName=V1p8 Pin=J5-7
Added Pin To Net: NetName=V1p8 Pin=J5-9
Added Pin To Net: NetName=JTAG_NTRST_GAP Pin=J10-9
Added Pin To Net: NetName=JTAG_TMS_GAP Pin=R52-2
Added Pin To Net: NetName=JTAG_TCK_GAP Pin=R53-2
Added Pin To Net: NetName=JTAG_TDO_GAP Pin=R54-2
Added Pin To Net: NetName=JTAG_TDI_GAP Pin=R55-2
Added Pin To Net: NetName=RESET_N_GAP Pin=R56-2
Add Pin To Net: Unknown Pin: Pin R57-1
Add Pin To Net: Unknown Pin: Pin R57-2
Added Pin To Net: NetName=NetJ10_2 Pin=J10-2
Added Pin To Net: NetName=NetJ10_2 Pin=R52-1
Added Net: Name=NetJ10_2
Added Pin To Net: NetName=NetJ10_4 Pin=J10-4
Added Pin To Net: NetName=NetJ10_4 Pin=R53-1
Added Net: Name=NetJ10_4
Added Pin To Net: NetName=NetJ10_6 Pin=J10-6
Added Pin To Net: NetName=NetJ10_6 Pin=R54-1
Added Net: Name=NetJ10_6
Added Pin To Net: NetName=NetJ10_8 Pin=J10-8
Added Pin To Net: NetName=NetJ10_8 Pin=R55-1
Added Net: Name=NetJ10_8
Added Pin To Net: NetName=NetJ10_10 Pin=J10-10
Added Pin To Net: NetName=NetJ10_10 Pin=R56-1
Added Net: Name=NetJ10_10
Added Member To Class: ClassName=mcu_v1 Member=Component B2 RESET
Added Member To Class: ClassName=mcu_v1 Member=Component C51 100n
Added Member To Class: ClassName=mcu_v1 Member=Component R14 10K
Added Member To Class: ClassName=mcu_v1 Member=Component R52 330
Added Member To Class: ClassName=mcu_v1 Member=Component R53 330
Added Member To Class: ClassName=mcu_v1 Member=Component R54 330
Added Member To Class: ClassName=mcu_v1 Member=Component R55 330
Added Member To Class: ClassName=mcu_v1 Member=Component R56 330
Add Class Member: Failed to add class member : Component R57 10K
Added Member To Class: ClassName=mems Member=Component TP1 test_point
