Change Component Footprint: Designator=J7 Old Footprint=1725656 New Footprint=UJ2MIBH2SMTTR67
Change Footprint: Footprint Not Found ERJ3EK_(0603)
Change Footprint: Footprint Not Found 21992305
Add Component: Footprint Not Found SOP65P640X120-20N
Add Component: Footprint Not Found LEDM168X50N
Add Component: Footprint Not Found RESC1005X35N
Add Pin To Net: Unknown Pin: Pin IC3-1
Add Pin To Net: Unknown Pin: Pin IC3-2
Add Pin To Net: Unknown Pin: Pin IC3-3
Add Pin To Net: Unknown Pin: Pin IC3-4
Add Pin To Net: Unknown Pin: Pin IC3-5
Add Pin To Net: Unknown Pin: Pin IC3-6
Add Pin To Net: Unknown Pin: Pin IC3-7
Add Pin To Net: Unknown Pin: Pin IC3-10
Add Pin To Net: Unknown Pin: Pin IC3-11
Add Pin To Net: Unknown Pin: Pin IC3-14
Add Pin To Net: Unknown Pin: Pin IC3-15
Add Pin To Net: Unknown Pin: Pin IC3-16
Add Pin To Net: Unknown Pin: Pin IC3-17
Add Pin To Net: Unknown Pin: Pin IC3-18
Add Pin To Net: Unknown Pin: Pin IC3-19
Add Pin To Net: Unknown Pin: Pin IC3-20
Add Pin To Net: Unknown Pin: Pin J5-59
Add Pin To Net: Unknown Pin: Pin J5-61
Add Pin To Net: Unknown Pin: Pin J5-63
Add Pin To Net: Unknown Pin: Pin J5-65
Add Pin To Net: Unknown Pin: Pin J5-76
Add Pin To Net: Unknown Pin: Pin J5-77
Added Pin To Net: NetName=GND Pin=J7-5
Added Pin To Net: NetName=GND Pin=J7-MP1
Added Pin To Net: NetName=GND Pin=J7-MP2
Added Pin To Net: NetName=GND Pin=J7-MP3
Add Pin To Net: Unknown Pin: Pin LED6-1
Add Pin To Net: Unknown Pin: Pin LED6-2
Add Pin To Net: Unknown Pin: Pin R21-1
Add Pin To Net: Unknown Pin: Pin R21-2
Add Pin To Net: Unknown Pin: Pin U2-1
Add Pin To Net: Unknown Pin: Pin U2-2
Add Pin To Net: Unknown Pin: Pin U2-3
Add Pin To Net: Unknown Pin: Pin U2-4
Add Pin To Net: Unknown Pin: Pin U2-5
Add Pin To Net: Unknown Pin: Pin U2-6
Add Pin To Net: Unknown Pin: Pin U2-8
Add Pin To Net: Unknown Pin: Pin U2-9
Add Pin To Net: Unknown Pin: Pin U2-10
Add Pin To Net: Unknown Pin: Pin U2-11
Add Pin To Net: Unknown Pin: Pin U2-13
Add Pin To Net: Unknown Pin: Pin U2-14
Add Pin To Net: Unknown Pin: Pin U2-15
Add Pin To Net: Unknown Pin: Pin U2-16
Add Class Member: Failed to add class member : Component IC3 TXB0108PWR
Add Class Member: Failed to add class member : Component LED6 150060VS55040
Add Class Member: Failed to add class member : Component R21 2K
Add Class Member: Failed to add class member : Component U2 IIS2ICLXTR (Digital Accel.)
