Removed Member From Class: ClassName=connectors Member=C55
Added Component: Designator=C56(CAPC1005X90N)
Add component (AddParameter): Name = "Datasheet Link"; Value = "https://datasheet.datasheetarchive.com/originals/distributors/DKDS-19/372904.pdf"; VariantName = "[No Variations]"
Add component (AddParameter): Name = "Height"; Value = "0.9mm"; VariantName = "[No Variations]"
Add component (AddParameter): Name = "Manufacturer_Name"; Value = "Samsung Electro-Mechanics"; VariantName = "[No Variations]"
Add component (AddParameter): Name = "Manufacturer_Part_Number"; Value = "CL05A106MP8NUB8"; VariantName = "[No Variations]"
Add component (AddParameter): Name = "Mouser2 Part Number"; Value = ""; VariantName = "[No Variations]"
Add component (AddParameter): Name = "Mouser2 Price/Stock"; Value = ""; VariantName = "[No Variations]"
Added Component: Designator=C57(CAPC1005X55N)
Add component (AddParameter): Name = "Datasheet Link"; Value = "https://datasheet.datasheetarchive.com/originals/distributors/Datasheets-DGA20/25674.pdf"; VariantName = "[No Variations]"
Add component (AddParameter): Name = "Height"; Value = "0.55mm"; VariantName = "[No Variations]"
Add component (AddParameter): Name = "Manufacturer_Name"; Value = "TAIYO YUDEN"; VariantName = "[No Variations]"
Add component (AddParameter): Name = "Manufacturer_Part_Number"; Value = "JMK105BJ105KV-F"; VariantName = "[No Variations]"
Add component (AddParameter): Name = "Mouser2 Part Number"; Value = ""; VariantName = "[No Variations]"
Add component (AddParameter): Name = "Mouser2 Price/Stock"; Value = ""; VariantName = "[No Variations]"
Added Component: Designator=C58(CAPC1005X90N)
Add component (AddParameter): Name = "Datasheet Link"; Value = "https://datasheet.datasheetarchive.com/originals/distributors/DKDS-19/372904.pdf"; VariantName = "[No Variations]"
Add component (AddParameter): Name = "Height"; Value = "0.9mm"; VariantName = "[No Variations]"
Add component (AddParameter): Name = "Manufacturer_Name"; Value = "Samsung Electro-Mechanics"; VariantName = "[No Variations]"
Add component (AddParameter): Name = "Manufacturer_Part_Number"; Value = "CL05A106MP8NUB8"; VariantName = "[No Variations]"
Add component (AddParameter): Name = "Mouser2 Part Number"; Value = ""; VariantName = "[No Variations]"
Add component (AddParameter): Name = "Mouser2 Price/Stock"; Value = ""; VariantName = "[No Variations]"
Added Component: Designator=C59(CAPC3216X100N)
Add component (AddParameter): Name = "Datasheet Link"; Value = "https://connect.kemet.com:7667/gateway/IntelliData-ComponentDocumentation/1.0/download/specsheet/C1206C224J1RACAUTO"; VariantName = "[No Variations]"
Add component (AddParameter): Name = "Height"; Value = "1mm"; VariantName = "[No Variations]"
Add component (AddParameter): Name = "Manufacturer_Name"; Value = "Kemet"; VariantName = "[No Variations]"
Add component (AddParameter): Name = "Manufacturer_Part_Number"; Value = "C1206C224J1RACAUTO"; VariantName = "[No Variations]"
Add component (AddParameter): Name = "Mouser2 Part Number"; Value = ""; VariantName = "[No Variations]"
Add component (AddParameter): Name = "Mouser2 Price/Stock"; Value = ""; VariantName = "[No Variations]"
Added Component: Designator=LED5(LEDM168X50N)
Add component (AddParameter): Name = "Datasheet Link"; Value = "https://katalog.we-online.com/led/datasheet/150060VS55040.pdf"; VariantName = "[No Variations]"
Add component (AddParameter): Name = "Height"; Value = "0.5mm"; VariantName = "[No Variations]"
Add component (AddParameter): Name = "Manufacturer_Name"; Value = "Wurth Elektronik"; VariantName = "[No Variations]"
Add component (AddParameter): Name = "Manufacturer_Part_Number"; Value = "150060VS55040"; VariantName = "[No Variations]"
Add component (AddParameter): Name = "Mouser2 Part Number"; Value = ""; VariantName = "[No Variations]"
Add component (AddParameter): Name = "Mouser2 Price/Stock"; Value = ""; VariantName = "[No Variations]"
Add Component: Footprint Not Found RESC1005X35N
Added Component: Designator=R30(RESC1608X55N)
Add component (AddParameter): Name = "Datasheet Link"; Value = ""; VariantName = "[No Variations]"
Add component (AddParameter): Name = "Height"; Value = "0.55mm"; VariantName = "[No Variations]"
Add component (AddParameter): Name = "Manufacturer_Name"; Value = "YAGEO (PHYCOMP)"; VariantName = "[No Variations]"
Add component (AddParameter): Name = "Manufacturer_Part_Number"; Value = "RC0603FR-070RL"; VariantName = "[No Variations]"
Add component (AddParameter): Name = "Mouser2 Part Number"; Value = ""; VariantName = "[No Variations]"
Add component (AddParameter): Name = "Mouser2 Price/Stock"; Value = ""; VariantName = "[No Variations]"
Added Component: Designator=R31(RESC1608X55N)
Add component (AddParameter): Name = "Datasheet Link"; Value = ""; VariantName = "[No Variations]"
Add component (AddParameter): Name = "Height"; Value = "0.55mm"; VariantName = "[No Variations]"
Add component (AddParameter): Name = "Manufacturer_Name"; Value = "YAGEO (PHYCOMP)"; VariantName = "[No Variations]"
Add component (AddParameter): Name = "Manufacturer_Part_Number"; Value = "RC0603FR-070RL"; VariantName = "[No Variations]"
Add component (AddParameter): Name = "Mouser2 Part Number"; Value = ""; VariantName = "[No Variations]"
Add component (AddParameter): Name = "Mouser2 Price/Stock"; Value = ""; VariantName = "[No Variations]"
Added Component: Designator=R35(RESC1005X40N)
Add component (AddParameter): Name = "Datasheet Link"; Value = "https://datasheet.datasheetarchive.com/originals/distributors/DKDS-21/401698.pdf"; VariantName = "[No Variations]"
Add component (AddParameter): Name = "Height"; Value = "0.4mm"; VariantName = "[No Variations]"
Add component (AddParameter): Name = "Manufacturer_Name"; Value = "TE Connectivity"; VariantName = "[No Variations]"
Add component (AddParameter): Name = "Manufacturer_Part_Number"; Value = "CRG0402F100K"; VariantName = "[No Variations]"
Add component (AddParameter): Name = "Mouser2 Part Number"; Value = ""; VariantName = "[No Variations]"
Add component (AddParameter): Name = "Mouser2 Price/Stock"; Value = ""; VariantName = "[No Variations]"
Added Component: Designator=R52(RESC1608X55N)
Add component (AddParameter): Name = "Datasheet Link"; Value = ""; VariantName = "[No Variations]"
Add component (AddParameter): Name = "Height"; Value = "0.55mm"; VariantName = "[No Variations]"
Add component (AddParameter): Name = "Manufacturer_Name"; Value = "YAGEO (PHYCOMP)"; VariantName = "[No Variations]"
Add component (AddParameter): Name = "Manufacturer_Part_Number"; Value = "RC0603FR-070RL"; VariantName = "[No Variations]"
Add component (AddParameter): Name = "Mouser2 Part Number"; Value = ""; VariantName = "[No Variations]"
Add component (AddParameter): Name = "Mouser2 Price/Stock"; Value = ""; VariantName = "[No Variations]"
Added Component: Designator=R53(RESC1005X40N)
Add component (AddParameter): Name = "Datasheet Link"; Value = "https://datasheet.datasheetarchive.com/originals/distributors/DKDS-21/401698.pdf"; VariantName = "[No Variations]"
Add component (AddParameter): Name = "Height"; Value = "0.4mm"; VariantName = "[No Variations]"
Add component (AddParameter): Name = "Manufacturer_Name"; Value = "TE Connectivity"; VariantName = "[No Variations]"
Add component (AddParameter): Name = "Manufacturer_Part_Number"; Value = "CRG0402F100K"; VariantName = "[No Variations]"
Add component (AddParameter): Name = "Mouser2 Part Number"; Value = ""; VariantName = "[No Variations]"
Add component (AddParameter): Name = "Mouser2 Price/Stock"; Value = ""; VariantName = "[No Variations]"
Added Component: Designator=R60(RESC1608X55N)
Add component (AddParameter): Name = "Datasheet Link"; Value = ""; VariantName = "[No Variations]"
Add component (AddParameter): Name = "Height"; Value = "0.55mm"; VariantName = "[No Variations]"
Add component (AddParameter): Name = "Manufacturer_Name"; Value = "YAGEO (PHYCOMP)"; VariantName = "[No Variations]"
Add component (AddParameter): Name = "Manufacturer_Part_Number"; Value = "RC0603FR-070RL"; VariantName = "[No Variations]"
Add component (AddParameter): Name = "Mouser2 Part Number"; Value = ""; VariantName = "[No Variations]"
Add component (AddParameter): Name = "Mouser2 Price/Stock"; Value = ""; VariantName = "[No Variations]"
Add Component: Footprint Not Found RESC1005X35N
Added Component: Designator=R62(RESC1005X40N)
Add component (AddParameter): Name = "Availability"; Value = "Unavailable"; VariantName = "[No Variations]"
Add component (AddParameter): Name = "MF"; Value = "Yageo"; VariantName = "[No Variations]"
Add component (AddParameter): Name = "MP"; Value = "RC0402FR-0720KL"; VariantName = "[No Variations]"
Add component (AddParameter): Name = "Package"; Value = "0402 Yageo"; VariantName = "[No Variations]"
Add component (AddParameter): Name = "Price"; Value = "None"; VariantName = "[No Variations]"
Add component (AddParameter): Name = "SnapEDA_Link"; Value = "https://www.snapeda.com/parts/RC0402FR-0720KL/Yageo/view-part/614868/?ref=snap"; VariantName = "[No Variations]"
Add component (AddParameter): Name = "Value"; Value = ""; VariantName = "[No Variations]"
Added Component: Designator=U16(BGA30C40P5X6_225X259X60)
Add component (AddParameter): Name = "Category"; Value = "Power Management ICs"; VariantName = "[No Variations]"
Add component (AddParameter): Name = "ComponentLink1Description"; Value = "http://www.st.com/content/ccc/resource/technical/document/datasheet/group3/af/ef/64/cd/00/0f/41/1a/DM00289033/files/DM00289033.pdf/jcr:content/translations/en.DM00289033.pdf?src-supplier=Digi-Key"; VariantName = "[No Variations]"
Add component (AddParameter): Name = "ComponentLink1URL"; Value = "http://www.st.com/content/ccc/resource/technical/document/datasheet/group3/af/ef/64/cd/00/0f/41/1a/DM00289033/files/DM00289033.pdf/jcr:content/translations/en.DM00289033.pdf?src-supplier=Digi-Key"; VariantName = "[No Variations]"
Add component (AddParameter): Name = "ComponentLink2Description"; Value = "http://www.farnell.com/datasheets/2145097.pdf?src-supplier=Element14"; VariantName = "[No Variations]"
Add component (AddParameter): Name = "ComponentLink2URL"; Value = "http://www.farnell.com/datasheets/2145097.pdf?src-supplier=Element14"; VariantName = "[No Variations]"
Add component (AddParameter): Name = "Manufacturer"; Value = "STMicroelectronics"; VariantName = "[No Variations]"
Add component (AddParameter): Name = "Manufacturer Part Number"; Value = "STBC02AJR"; VariantName = "[No Variations]"
Add component (AddParameter): Name = "Max Charge Current"; Value = "450mA"; VariantName = "[No Variations]"
Add component (AddParameter): Name = "Max Operating Temperature"; Value = "85°C"; VariantName = "[No Variations]"
Add component (AddParameter): Name = "Min Operating Temperature"; Value = "-40°C"; VariantName = "[No Variations]"
Add component (AddParameter): Name = "Number of Cells"; Value = "1"; VariantName = "[No Variations]"
Add component (AddParameter): Name = "Number of Pins"; Value = "30"; VariantName = "[No Variations]"
Add component (AddParameter): Name = "Packaging"; Value = "Cut Tape"; VariantName = "[No Variations]"
Add component (AddParameter): Name = "REACH SVHC"; Value = "No SVHC"; VariantName = "[No Variations]"
Add component (AddParameter): Name = "RoHS"; Value = "Yes"; VariantName = "[No Variations]"
Add component (AddParameter): Name = "RoHS Compliant"; Value = "Yes"; VariantName = "[No Variations]"
Add component (AddParameter): Name = "Stock 1"; Value = "2944"; VariantName = "[No Variations]"
Add component (AddParameter): Name = "Supplier 1"; Value = "Digi-Key"; VariantName = "[No Variations]"
Add component (AddParameter): Name = "Supplier Part Number 1"; Value = "497-16561-1-ND"; VariantName = "[No Variations]"
Add Pin To Net: Unknown Pin: Pin C32-1
Add Pin To Net: Unknown Pin: Pin C32-2
Add Pin To Net: Unknown Pin: Pin C33-1
Add Pin To Net: Unknown Pin: Pin C33-2
Add Pin To Net: Unknown Pin: Pin C39-1
Add Pin To Net: Unknown Pin: Pin C39-2
Add Pin To Net: Unknown Pin: Pin C40-1
Add Pin To Net: Unknown Pin: Pin C40-2
Add Pin To Net: Unknown Pin: Pin C41-1
Add Pin To Net: Unknown Pin: Pin C41-2
Add Pin To Net: Unknown Pin: Pin C42-1
Add Pin To Net: Unknown Pin: Pin C42-2
Added Pin To Net: NetName=5V Pin=C56-1
Added Pin To Net: NetName=GND Pin=C56-2
Added Pin To Net: NetName=GND Pin=C57-1
Added Pin To Net: NetName=GND Pin=C58-1
Added Pin To Net: NetName=V_SYS Pin=C58-2
Added Pin To Net: NetName=GND Pin=C59-1
Added Pin To Net: NetName=BATT Pin=C59-2
Add Pin To Net: Unknown Pin: Pin C61-1
Add Pin To Net: Unknown Pin: Pin C61-2
Add Pin To Net: Unknown Pin: Pin C62-1
Add Pin To Net: Unknown Pin: Pin C63-1
Add Pin To Net: Unknown Pin: Pin C63-2
Add Pin To Net: Unknown Pin: Pin C64-1
Add Pin To Net: Unknown Pin: Pin C64-2
Add Pin To Net: Unknown Pin: Pin C66-1
Add Pin To Net: Unknown Pin: Pin C66-2
Add Pin To Net: Unknown Pin: Pin C82-1
Add Pin To Net: Unknown Pin: Pin C82-2
Add Pin To Net: Unknown Pin: Pin J4-1
Add Pin To Net: Unknown Pin: Pin J4-2
Add Pin To Net: Unknown Pin: Pin J4-3
Add Pin To Net: Unknown Pin: Pin J4-4
Add Pin To Net: Unknown Pin: Pin J10-+
Add Pin To Net: Unknown Pin: Pin J10--
Add Pin To Net: Unknown Pin: Pin L1-1
Add Pin To Net: Unknown Pin: Pin L1-2
Add Pin To Net: Unknown Pin: Pin L2-1
Add Pin To Net: Unknown Pin: Pin L2-2
Add Pin To Net: Unknown Pin: Pin L3-1
Add Pin To Net: Unknown Pin: Pin L3-2
Add Pin To Net: Unknown Pin: Pin R29-2
Added Pin To Net: NetName=DCDC Pin=R30-2
Added Pin To Net: NetName=GND Pin=R35-1
Add Pin To Net: Unknown Pin: Pin R42-1
Add Pin To Net: Unknown Pin: Pin R42-2
Add Pin To Net: Unknown Pin: Pin R43-1
Add Pin To Net: Unknown Pin: Pin R43-2
Add Pin To Net: Unknown Pin: Pin R44-1
Add Pin To Net: Unknown Pin: Pin R44-2
Add Pin To Net: Unknown Pin: Pin R45-1
Add Pin To Net: Unknown Pin: Pin R45-2
Add Pin To Net: Unknown Pin: Pin R48-1
Add Pin To Net: Unknown Pin: Pin R48-2
Add Pin To Net: Unknown Pin: Pin R49-1
Add Pin To Net: Unknown Pin: Pin R49-2
Added Pin To Net: NetName=GND Pin=R53-1
Add Pin To Net: Unknown Pin: Pin R57-1
Add Pin To Net: Unknown Pin: Pin R57-2
Add Pin To Net: Unknown Pin: Pin R58-1
Add Pin To Net: Unknown Pin: Pin R58-2
Added Pin To Net: NetName=BATT Pin=R60-2
Add Pin To Net: Unknown Pin: Pin R61-1
Added Pin To Net: NetName=GND Pin=R62-2
Add Pin To Net: Unknown Pin: Pin R83-1
Add Pin To Net: Unknown Pin: Pin R83-2
Add Pin To Net: Unknown Pin: Pin R86-1
Add Pin To Net: Unknown Pin: Pin R86-2
Add Pin To Net: Unknown Pin: Pin U2-1
Add Pin To Net: Unknown Pin: Pin U2-2
Add Pin To Net: Unknown Pin: Pin U2-3
Add Pin To Net: Unknown Pin: Pin U2-4
Add Pin To Net: Unknown Pin: Pin U2-5
Add Pin To Net: Unknown Pin: Pin U2-6
Add Pin To Net: Unknown Pin: Pin U2-7
Add Pin To Net: Unknown Pin: Pin U2-8
Add Pin To Net: Unknown Pin: Pin U2-9
Add Pin To Net: Unknown Pin: Pin U2-10
Add Pin To Net: Unknown Pin: Pin U2-11
Add Pin To Net: Unknown Pin: Pin U2-12
Add Pin To Net: Unknown Pin: Pin U2-13
Add Pin To Net: Unknown Pin: Pin U2-14
Add Pin To Net: Unknown Pin: Pin U2-15
Add Pin To Net: Unknown Pin: Pin U2-16
Add Pin To Net: Unknown Pin: Pin U3-1
Add Pin To Net: Unknown Pin: Pin U3-2
Add Pin To Net: Unknown Pin: Pin U3-3
Add Pin To Net: Unknown Pin: Pin U3-4
Add Pin To Net: Unknown Pin: Pin U3-5
Add Pin To Net: Unknown Pin: Pin U3-6
Add Pin To Net: Unknown Pin: Pin U6-1
Add Pin To Net: Unknown Pin: Pin U6-2
Add Pin To Net: Unknown Pin: Pin U6-3
Add Pin To Net: Unknown Pin: Pin U6-4
Add Pin To Net: Unknown Pin: Pin U6-5
Add Pin To Net: Unknown Pin: Pin U6-6
Add Pin To Net: Unknown Pin: Pin U6-7
Add Pin To Net: Unknown Pin: Pin U6-8
Add Pin To Net: Unknown Pin: Pin U7-1
Add Pin To Net: Unknown Pin: Pin U7-2
Add Pin To Net: Unknown Pin: Pin U7-3
Add Pin To Net: Unknown Pin: Pin U7-4
Add Pin To Net: Unknown Pin: Pin U7-5
Add Pin To Net: Unknown Pin: Pin U7-6
Add Pin To Net: Unknown Pin: Pin U7-7
Add Pin To Net: Unknown Pin: Pin U7-8
Add Pin To Net: Unknown Pin: Pin U7-9
Add Pin To Net: Unknown Pin: Pin U7-12
Add Pin To Net: Unknown Pin: Pin U7-13
Add Pin To Net: Unknown Pin: Pin U7-14
Add Pin To Net: Unknown Pin: Pin U9-1
Add Pin To Net: Unknown Pin: Pin U9-2
Add Pin To Net: Unknown Pin: Pin U9-3
Add Pin To Net: Unknown Pin: Pin U9-4
Add Pin To Net: Unknown Pin: Pin U9-5
Add Pin To Net: Unknown Pin: Pin U9-7
Add Pin To Net: Unknown Pin: Pin U9-8
Add Pin To Net: Unknown Pin: Pin U9-9
Add Pin To Net: Unknown Pin: Pin U9-10
Add Pin To Net: Unknown Pin: Pin U9-11
Add Pin To Net: Unknown Pin: Pin U9-12
Add Pin To Net: Unknown Pin: Pin U9-13
Add Pin To Net: Unknown Pin: Pin U9-14
Add Pin To Net: Unknown Pin: Pin U9-16
Add Pin To Net: Unknown Pin: Pin U9-18
Add Pin To Net: Unknown Pin: Pin U9-19
Add Pin To Net: Unknown Pin: Pin U9-20
Add Pin To Net: Unknown Pin: Pin U9-21
Add Pin To Net: Unknown Pin: Pin U12-1
Add Pin To Net: Unknown Pin: Pin U12-2
Add Pin To Net: Unknown Pin: Pin U12-3
Add Pin To Net: Unknown Pin: Pin U12-4
Add Pin To Net: Unknown Pin: Pin U12-5
Add Pin To Net: Unknown Pin: Pin U12-6
Add Pin To Net: Unknown Pin: Pin U12-7
Add Pin To Net: Unknown Pin: Pin U12-8
Added Pin To Net: NetName=GND Pin=U16-A3
Added Pin To Net: NetName=BATT Pin=U16-A5
Added Pin To Net: NetName=BATT Pin=U16-B3
Added Pin To Net: NetName=GND Pin=U16-B4
Added Pin To Net: NetName=BATT Pin=U16-B5
Added Pin To Net: NetName=V_SYS Pin=U16-C5
Added Pin To Net: NetName=V_SYS Pin=U16-D5
Added Pin To Net: NetName=DCDC Pin=U16-E2
Added Pin To Net: NetName=5V Pin=U16-E5
Added Pin To Net: NetName=DCDC Pin=U16-F3
Added Pin To Net: NetName=5V Pin=U16-F5
Add Pin To Net: Unknown Pin: Pin X1-1
Add Pin To Net: Unknown Pin: Pin X1-2
Add Pin To Net: Unknown Pin: Pin X1-3
Add Pin To Net: Unknown Pin: Pin X1-4
Added Pin To Net: NetName=3V3_Ext Pin=R31-2
Added Net: Name=3V3_Ext
Added Pin To Net: NetName=3V3_LDO Pin=C57-2
Added Pin To Net: NetName=3V3_LDO Pin=R30-1
Added Pin To Net: NetName=3V3_LDO Pin=U16-F4
Added Net: Name=3V3_LDO
Added Pin To Net: NetName=3V3_SD Pin=R52-2
Added Net: Name=3V3_SD
Added Pin To Net: NetName=NetLED5_2 Pin=LED5-2
Added Net: Name=NetLED5_2
Added Pin To Net: NetName=NetR31_1 Pin=R31-1
Added Pin To Net: NetName=NetR31_1 Pin=U16-E3
Added Pin To Net: NetName=NetR31_1 Pin=U16-E4
Added Net: Name=NetR31_1
Added Pin To Net: NetName=NetR35_2 Pin=R35-2
Added Pin To Net: NetName=NetR35_2 Pin=U16-C2
Added Net: Name=NetR35_2
Added Pin To Net: NetName=NetR52_1 Pin=R52-1
Added Pin To Net: NetName=NetR52_1 Pin=U16-F1
Added Pin To Net: NetName=NetR52_1 Pin=U16-F2
Added Net: Name=NetR52_1
Added Pin To Net: NetName=NetR53_2 Pin=R53-2
Added Pin To Net: NetName=NetR53_2 Pin=U16-A1
Added Net: Name=NetR53_2
Added Pin To Net: NetName=NetR60_1 Pin=R60-1
Added Pin To Net: NetName=NetR60_1 Pin=U16-A2
Added Net: Name=NetR60_1
Added Pin To Net: NetName=NetR61_2 Pin=U16-A4
Added Net: Name=NetR61_2
Added Pin To Net: NetName=NetR62_1 Pin=R62-1
Added Pin To Net: NetName=NetR62_1 Pin=U16-D4
Added Net: Name=NetR62_1
Added Pin To Net: NetName=OffSheet Pin=LED5-1
Added Pin To Net: NetName=OffSheet Pin=U16-B1
Added Pin To Net: NetName=OffSheet Pin=U16-C4
Added Pin To Net: NetName=OffSheet Pin=U16-D1
Added Pin To Net: NetName=OffSheet Pin=U16-E1
Added Net: Name=OffSheet
Added Pin To Net: NetName=SW_SEL Pin=U16-C1
Added Net: Name=SW_SEL
Add Class Member: Failed to add class member : Component C32 15pF
Add Class Member: Failed to add class member : Component C33 15pF
Add Class Member: Failed to add class member : Component C39 33pF
Add Class Member: Failed to add class member : Component C40 33pF
Add Class Member: Failed to add class member : Component C41 33pF
Add Class Member: Failed to add class member : Component C42 33pF
Added Member To Class: ClassName=new power management Member=Component C56 10uF
Added Member To Class: ClassName=new power management Member=Component C57 1uF
Added Member To Class: ClassName=new power management Member=Component C58 10uF
Added Member To Class: ClassName=new power management Member=Component C59 4.7u
Add Class Member: Failed to add class member : Component C61 100u
Add Class Member: Failed to add class member : Component C62 100u
Add Class Member: Failed to add class member : Component C63 100u
Add Class Member: Failed to add class member : Component C64 100u
Add Class Member: Failed to add class member : Component C66 2.2n
Add Class Member: Failed to add class member : Component C82 910p
Add Class Member: Failed to add class member : Component J4 CAN_JUMPER
Add Class Member: Failed to add class member : Component L1 KPZ1608SHR601ATD25
Add Class Member: Failed to add class member : Component L2 KPZ1608SHR601ATD25
Add Class Member: Failed to add class member : Component L3 FP1007R3-R17-R
Added Member To Class: ClassName=new power management Member=Component LED5 150060VS55040
Add Class Member: Failed to add class member : Component R29 2K
Added Member To Class: ClassName=new power management Member=Component R30 0
Added Member To Class: ClassName=new power management Member=Component R31 0
Added Member To Class: ClassName=new power management Member=Component R35 100K
Add Class Member: Failed to add class member : Component R42 604
Add Class Member: Failed to add class member : Component R43 604
Add Class Member: Failed to add class member : Component R44 604
Add Class Member: Failed to add class member : Component R45 604
Add Class Member: Failed to add class member : Component R48 15K
Add Class Member: Failed to add class member : Component R49 10
Added Member To Class: ClassName=new power management Member=Component R52 0
Added Member To Class: ClassName=new power management Member=Component R53 100K
Add Class Member: Failed to add class member : Component R57 67.3K
Add Class Member: Failed to add class member : Component R58 0.01
Added Member To Class: ClassName=new power management Member=Component R60 0
Add Class Member: Failed to add class member : Component R61 2K
Added Member To Class: ClassName=new power management Member=Component R62 20K
Add Class Member: Failed to add class member : Component R83 0.01
Add Class Member: Failed to add class member : Component R86 60.4K
Add Class Member: Failed to add class member : Component U2 IIS2ICLXTR (Digital Accel.)
Add Class Member: Failed to add class member : Component U3 STTS751(Temperature)
Add Class Member: Failed to add class member : Component U6 Voltage-Translator
Add Class Member: Failed to add class member : Component U7 LSM6DSRXTR
Add Class Member: Failed to add class member : Component U8 TI_Battery_Charger
Add Class Member: Failed to add class member : Component U9 LTC3416-Voltage-Shifter
Add Class Member: Failed to add class member : Component U12 Voltage-Translator
Added Member To Class: ClassName=new power management Member=Component U16 STBC02AJR
Add Class Member: Failed to add class member : Component X1 ABM3B-16.000MHZ-10-1-U-T
