Removed Pin From Net: NetName=NetB1_1 Pin=B1-1
Removed Pin From Net: NetName=3V3_uC Pin=B1-2
Removed Pin From Net: NetName=NetB1_1 Pin=B1-3
Removed Pin From Net: NetName=3V3_uC Pin=B1-4
Added Component: Designator=B1(PTS645SM43JSMTR92LFS)
Add component (AddParameter): Name = "ComponentLink1Description"; Value = "https://datasheet.octopart.com/PTS645SM43JSMTR92LFS-C%26K-Components-datasheet-155912617.pdf?src-supplier=Sager+Electronics"; VariantName = "[No Variations]"
Add component (AddParameter): Name = "ComponentLink1URL"; Value = "https://datasheet.octopart.com/PTS645SM43JSMTR92LFS-C%26K-Components-datasheet-155912617.pdf?src-supplier=Sager+Electronics"; VariantName = "[No Variations]"
Add component (AddParameter): Name = "ComponentLink2Description"; Value = "https://datasheet.octopart.com/PTS645SM43JSMTR92LFS-C%26K-Components-datasheet-67873720.pdf?src-supplier=Sager+Electronics"; VariantName = "[No Variations]"
Add component (AddParameter): Name = "ComponentLink2URL"; Value = "https://datasheet.octopart.com/PTS645SM43JSMTR92LFS-C%26K-Components-datasheet-67873720.pdf?src-supplier=Sager+Electronics"; VariantName = "[No Variations]"
Add component (AddParameter): Name = "ComponentLink3Description"; Value = "https://datasheet.octopart.com/PTS645SM43JSMTR92LFS-C%26K-Components-datasheet-150821959.pdf?src-supplier=Sager+Electronics"; VariantName = "[No Variations]"
Add component (AddParameter): Name = "ComponentLink3URL"; Value = "https://datasheet.octopart.com/PTS645SM43JSMTR92LFS-C%26K-Components-datasheet-150821959.pdf?src-supplier=Sager+Electronics"; VariantName = "[No Variations]"
Add component (AddParameter): Name = "Manufacturer"; Value = "C&K Components"; VariantName = "[No Variations]"
Add component (AddParameter): Name = "Manufacturer Part Number"; Value = "PTS645SM43JSMTR92LFS"; VariantName = "[No Variations]"
Add component (AddParameter): Name = "Stock 1"; Value = "18999"; VariantName = "[No Variations]"
Add component (AddParameter): Name = "Supplier 1"; Value = "Digi-Key"; VariantName = "[No Variations]"
Add component (AddParameter): Name = "Supplier Part Number 1"; Value = "108-PTS645SM43JSMTR92LFSCT-ND"; VariantName = "[No Variations]"
Added Pin To Net: NetName=NetB1_1 Pin=B1-A1
Added Pin To Net: NetName=3V3_uC Pin=B1-B1
Added Pin To Net: NetName=NetB1_1 Pin=B1-C1
Added Pin To Net: NetName=3V3_uC Pin=B1-D1
Add Pin To Net: Unknown Pin: Pin J10-+
Add Pin To Net: Unknown Pin: Pin J10--
Add Pin To Net: Unknown Pin: Pin U2-1
Add Pin To Net: Unknown Pin: Pin U2-2
Add Pin To Net: Unknown Pin: Pin U2-3
Add Pin To Net: Unknown Pin: Pin U2-5
Add Pin To Net: Unknown Pin: Pin U2-6
Add Pin To Net: Unknown Pin: Pin U2-8
Add Pin To Net: Unknown Pin: Pin U2-9
Add Pin To Net: Unknown Pin: Pin U2-10
Add Pin To Net: Unknown Pin: Pin U2-11
Add Pin To Net: Unknown Pin: Pin U2-13
Add Pin To Net: Unknown Pin: Pin U2-14
Add Pin To Net: Unknown Pin: Pin U2-15
Add Pin To Net: Unknown Pin: Pin U2-16
Change Net Name : Old Net Name=NetB1_1 New Net Name=NetB1_A1
Add Class Member: Failed to add class member : Component U2 IIS2ICLXTR (Digital Accel.)
Added Room: Name=connectors
Added Room: Name=mcu_v1
Added Room: Name=mems
Added Room: Name=new power management
