Removed Pin From Net: NetName=V1p8 Pin=R60-1
Removed Pin From Net: NetName=NetJ5_34 Pin=R60-2
Removed Pin From Net: NetName=V1p8 Pin=R61-1
Removed Pin From Net: NetName=NetJ5_32 Pin=R61-2
Removed Pin From Net: NetName=I2C2_SDA_INC Pin=R68-2
Removed Pin From Net: NetName=I2C2_SCL_INC Pin=R69-2
Removed Pin From Net: NetName=I2C2_SCL_INC Pin=R71-1
Removed Pin From Net: NetName=I2C2_SDA_INC Pin=R72-1
Change Component Footprint: Designator=R60 Old Footprint=ERJ3EK_(0603) New Footprint=ERJP14_(1210)
Change Component Footprint: Designator=R61 Old Footprint=ERJ3EK_(0603) New Footprint=ERJP14_(1210)
Change component parameters: Designator = "R60" ("R60"); Footprint = "ERJ3EK_(0603)"; UniqueID = "\TZTUGMAW" ("\TZTUGMAW")
Change component parameters (AddParameter): Name = "Datasheet Link"; Value = "http://industrial.panasonic.com/cdbs/www-data/pdf/RDO0000/AOA0000C331.pdf"; VariantName = "[No Variations]"
Change component parameters (AddParameter): Name = "Height"; Value = "0.7mm"; VariantName = "[No Variations]"
Change component parameters (AddParameter): Name = "Manufacturer_Name"; Value = "Panasonic"; VariantName = "[No Variations]"
Change component parameters (AddParameter): Name = "Manufacturer_Part_Number"; Value = "ERJ-P14J103U"; VariantName = "[No Variations]"
Change component parameters (AddParameter): Name = "Mouser2 Part Number"; Value = ""; VariantName = "[No Variations]"
Change component parameters (AddParameter): Name = "Mouser2 Price/Stock"; Value = ""; VariantName = "[No Variations]"
Change component parameters: Designator = "R61" ("R61"); Footprint = "ERJ3EK_(0603)"; UniqueID = "\VILSEYSZ" ("\VILSEYSZ")
Change component parameters (AddParameter): Name = "Datasheet Link"; Value = "http://industrial.panasonic.com/cdbs/www-data/pdf/RDO0000/AOA0000C331.pdf"; VariantName = "[No Variations]"
Change component parameters (AddParameter): Name = "Height"; Value = "0.7mm"; VariantName = "[No Variations]"
Change component parameters (AddParameter): Name = "Manufacturer_Name"; Value = "Panasonic"; VariantName = "[No Variations]"
Change component parameters (AddParameter): Name = "Manufacturer_Part_Number"; Value = "ERJ-P14J103U"; VariantName = "[No Variations]"
Change component parameters (AddParameter): Name = "Mouser2 Part Number"; Value = ""; VariantName = "[No Variations]"
Change component parameters (AddParameter): Name = "Mouser2 Price/Stock"; Value = ""; VariantName = "[No Variations]"
Added Component: Designator=R74(ERJP14_(1210))
Add component (AddParameter): Name = "Datasheet Link"; Value = "http://industrial.panasonic.com/cdbs/www-data/pdf/RDO0000/AOA0000C331.pdf"; VariantName = "[No Variations]"
Add component (AddParameter): Name = "Height"; Value = "0.7mm"; VariantName = "[No Variations]"
Add component (AddParameter): Name = "Manufacturer_Name"; Value = "Panasonic"; VariantName = "[No Variations]"
Add component (AddParameter): Name = "Manufacturer_Part_Number"; Value = "ERJ-P14J103U"; VariantName = "[No Variations]"
Add component (AddParameter): Name = "Mouser2 Part Number"; Value = ""; VariantName = "[No Variations]"
Add component (AddParameter): Name = "Mouser2 Price/Stock"; Value = ""; VariantName = "[No Variations]"
Added Component: Designator=R75(ERJP14_(1210))
Add component (AddParameter): Name = "Datasheet Link"; Value = "http://industrial.panasonic.com/cdbs/www-data/pdf/RDO0000/AOA0000C331.pdf"; VariantName = "[No Variations]"
Add component (AddParameter): Name = "Height"; Value = "0.7mm"; VariantName = "[No Variations]"
Add component (AddParameter): Name = "Manufacturer_Name"; Value = "Panasonic"; VariantName = "[No Variations]"
Add component (AddParameter): Name = "Manufacturer_Part_Number"; Value = "ERJ-P14J103U"; VariantName = "[No Variations]"
Add component (AddParameter): Name = "Mouser2 Part Number"; Value = ""; VariantName = "[No Variations]"
Add component (AddParameter): Name = "Mouser2 Price/Stock"; Value = ""; VariantName = "[No Variations]"
Added Component: Designator=R77(ERJP14_(1210))
Add component (AddParameter): Name = "Datasheet Link"; Value = "http://industrial.panasonic.com/cdbs/www-data/pdf/RDO0000/AOA0000C331.pdf"; VariantName = "[No Variations]"
Add component (AddParameter): Name = "Height"; Value = "0.7mm"; VariantName = "[No Variations]"
Add component (AddParameter): Name = "Manufacturer_Name"; Value = "Panasonic"; VariantName = "[No Variations]"
Add component (AddParameter): Name = "Manufacturer_Part_Number"; Value = "ERJ-P14J103U"; VariantName = "[No Variations]"
Add component (AddParameter): Name = "Mouser2 Part Number"; Value = ""; VariantName = "[No Variations]"
Add component (AddParameter): Name = "Mouser2 Price/Stock"; Value = ""; VariantName = "[No Variations]"
Added Component: Designator=R78(ERJP14_(1210))
Add component (AddParameter): Name = "Datasheet Link"; Value = "http://industrial.panasonic.com/cdbs/www-data/pdf/RDO0000/AOA0000C331.pdf"; VariantName = "[No Variations]"
Add component (AddParameter): Name = "Height"; Value = "0.7mm"; VariantName = "[No Variations]"
Add component (AddParameter): Name = "Manufacturer_Name"; Value = "Panasonic"; VariantName = "[No Variations]"
Add component (AddParameter): Name = "Manufacturer_Part_Number"; Value = "ERJ-P14J103U"; VariantName = "[No Variations]"
Add component (AddParameter): Name = "Mouser2 Part Number"; Value = ""; VariantName = "[No Variations]"
Add component (AddParameter): Name = "Mouser2 Price/Stock"; Value = ""; VariantName = "[No Variations]"
Added Component: Designator=R79(ERJP14_(1210))
Add component (AddParameter): Name = "Datasheet Link"; Value = "http://industrial.panasonic.com/cdbs/www-data/pdf/RDO0000/AOA0000C331.pdf"; VariantName = "[No Variations]"
Add component (AddParameter): Name = "Height"; Value = "0.7mm"; VariantName = "[No Variations]"
Add component (AddParameter): Name = "Manufacturer_Name"; Value = "Panasonic"; VariantName = "[No Variations]"
Add component (AddParameter): Name = "Manufacturer_Part_Number"; Value = "ERJ-P14J103U"; VariantName = "[No Variations]"
Add component (AddParameter): Name = "Mouser2 Part Number"; Value = ""; VariantName = "[No Variations]"
Add component (AddParameter): Name = "Mouser2 Price/Stock"; Value = ""; VariantName = "[No Variations]"
Added Pin To Net: NetName=I2C4_SDA Pin=R60-1
Added Pin To Net: NetName=3V3_uC Pin=R60-2
Added Pin To Net: NetName=I2C4_SCL Pin=R61-1
Added Pin To Net: NetName=3V3_uC Pin=R61-2
Added Pin To Net: NetName=I2C2_SCL_INC Pin=R68-2
Added Pin To Net: NetName=I2C2_SCL_INC Pin=R72-1
Added Pin To Net: NetName=V1p8 Pin=R74-1
Added Pin To Net: NetName=I2C1_SCL_GAP Pin=R74-2
Added Pin To Net: NetName=V1p8 Pin=R75-1
Added Pin To Net: NetName=I2C1_SDA_GAP Pin=R75-2
Added Pin To Net: NetName=V1p8 Pin=R77-1
Added Pin To Net: NetName=RESET_N_GAP Pin=R77-2
Added Pin To Net: NetName=V1p8 Pin=R78-1
Added Pin To Net: NetName=NetJ5_34 Pin=R78-2
Added Pin To Net: NetName=V1p8 Pin=R79-1
Added Pin To Net: NetName=NetJ5_32 Pin=R79-2
Added Pin To Net: NetName=NetR69_2 Pin=R69-2
Added Pin To Net: NetName=NetR69_2 Pin=R71-1
Added Net: Name=NetR69_2
Added Member To Class: ClassName=mcu_v1 Member=Component R74 10K
Added Member To Class: ClassName=mcu_v1 Member=Component R75 10K
Added Member To Class: ClassName=mcu_v1 Member=Component R77 10K
Added Member To Class: ClassName=mcu_v1 Member=Component R78 10K
Added Member To Class: ClassName=mcu_v1 Member=Component R79 10K
